<?xml version="1.0" encoding="UTF-8"?>
<testsuites name="Verify the Login of Site for All Browsers" time="189.808" tests="8" failures="4" errors="0">
   <testsuite name="Verify the Login of Site" tests="4" failures="0" errors="0" time="90.689" skipped="0" timestamp="2023-08-21 18:11:24" hostname="ekarayel - BD115216NEBS.clkenerji.local" id="Test Suites/Verify the Login of Site">
      <properties>
         <property name="deviceName" value=""/>
         <property name="devicePlatform" value=""/>
         <property name="logFolder" value="C:\\Users\\ekarayel\\git\\KatalonRep1\\Reports\\20230821_181116\\Verify the Login of Site\\20230821_181117"/>
         <property name="logFiles" value="C:\\Users\\ekarayel\\git\\KatalonRep1\\Reports\\20230821_181116\\Verify the Login of Site\\20230821_181117\\execution0.log"/>
         <property name="attachments" value=""/>
         <property name="hostName" value="ekarayel - BD115216NEBS.clkenerji.local"/>
         <property name="os" value="Windows 10 64bit"/>
         <property name="katalonVersion" value="8.6.6.208"/>
         <property name="browser" value="Chrome 115.0.0.0"/>
         <property name="hostAddress" value="192.168.1.164"/>
         <property name="sessionId" value="2ed94961b483642a1f387bcc86426a67"/>
         <property name="seleniumVersion" value="3.141.59"/>
         <property name="proxyInformation" value="ProxyInformation { proxyOption=NO_PROXY, proxyServerType=HTTP, username=, password=********, proxyServerAddress=, proxyServerPort=0, executionList=&quot;&quot;, isApplyToDesiredCapabilities=true }"/>
         <property name="platform" value="Windows 10"/>
      </properties>
      <testcase name="Test Cases/Verify the Login of Site-N1" time="20.737" classname="Test Cases/Verify the Login of Site-N1" status="PASSED">
         <system-out><![CDATA[2023-08-21 18:11:24 - [TEST_CASE][PASSED] - Test Cases/Verify the Login of Site-N1: Test Cases/Verify the Login of Site-N1

2023-08-21 18:11:25 - [TEST_STEP][PASSED] - openBrowser(""): Browser is opened with url: ''

2023-08-21 18:11:26 - [MESSAGE][INFO] - Starting 'Chrome' driver

2023-08-21 18:11:26 - [MESSAGE][INFO] - Action delay is set to 0 milliseconds

2023-08-21 18:11:30 - [MESSAGE][PASSED] - Browser is opened with url: ''

2023-08-21 18:11:30 - [TEST_STEP][PASSED] - navigateToUrl(urlLoginPage): Navigate to 'https://opensource-demo.orangehrmlive.com/web/index.php/auth/login' successfully

2023-08-21 18:11:36 - [MESSAGE][PASSED] - Navigate to 'https://opensource-demo.orangehrmlive.com/web/index.php/auth/login' successfully

2023-08-21 18:11:36 - [TEST_STEP][PASSED] - verifyElementPresent(findTestObject("Page_OrangeHRM/inp_Username"), 5): Object 'Object Repository/Page_OrangeHRM/inp_Username' is present

2023-08-21 18:11:38 - [MESSAGE][PASSED] - Object 'Object Repository/Page_OrangeHRM/inp_Username' is present

2023-08-21 18:11:38 - [TEST_STEP][PASSED] - verifyElementVisible(findTestObject("Page_OrangeHRM/inp_Username")): Object 'Object Repository/Page_OrangeHRM/inp_Username' is visible

2023-08-21 18:11:38 - [MESSAGE][PASSED] - Object 'Object Repository/Page_OrangeHRM/inp_Username' is visible

2023-08-21 18:11:38 - [TEST_STEP][PASSED] - verifyElementPresent(findTestObject("Page_OrangeHRM/inp_Password"), 5): Object 'Object Repository/Page_OrangeHRM/inp_Password' is present

2023-08-21 18:11:39 - [MESSAGE][PASSED] - Object 'Object Repository/Page_OrangeHRM/inp_Password' is present

2023-08-21 18:11:39 - [TEST_STEP][PASSED] - verifyElementVisible(findTestObject("Page_OrangeHRM/inp_Password")): Object 'Object Repository/Page_OrangeHRM/inp_Password' is visible

2023-08-21 18:11:39 - [MESSAGE][PASSED] - Object 'Object Repository/Page_OrangeHRM/inp_Password' is visible

2023-08-21 18:11:39 - [TEST_STEP][PASSED] - verifyElementPresent(findTestObject("Page_OrangeHRM/btn_Login"), 5): Object 'Object Repository/Page_OrangeHRM/btn_Login' is present

2023-08-21 18:11:39 - [MESSAGE][PASSED] - Object 'Object Repository/Page_OrangeHRM/btn_Login' is present

2023-08-21 18:11:39 - [TEST_STEP][PASSED] - verifyElementVisible(findTestObject("Page_OrangeHRM/btn_Login")): Object 'Object Repository/Page_OrangeHRM/btn_Login' is visible

2023-08-21 18:11:40 - [MESSAGE][PASSED] - Object 'Object Repository/Page_OrangeHRM/btn_Login' is visible

2023-08-21 18:11:40 - [TEST_STEP][PASSED] - verifyElementClickable(findTestObject("Page_OrangeHRM/btn_Login")): Object 'Object Repository/Page_OrangeHRM/btn_Login' is clickable

2023-08-21 18:11:40 - [MESSAGE][PASSED] - Object 'Object Repository/Page_OrangeHRM/btn_Login' is clickable

2023-08-21 18:11:40 - [TEST_STEP][PASSED] - setText(findTestObject("Object Repository/Page_OrangeHRM/inp_Username"), username_valid): Text 'Admin' is set on object 'Object Repository/Page_OrangeHRM/inp_Username'

2023-08-21 18:11:41 - [MESSAGE][PASSED] - Text 'Admin' is set on object 'Object Repository/Page_OrangeHRM/inp_Username'

2023-08-21 18:11:41 - [TEST_STEP][PASSED] - setText(findTestObject("Page_OrangeHRM/inp_Password"), password_invalid): Text 'admin123456' is set on object 'Object Repository/Page_OrangeHRM/inp_Password'

2023-08-21 18:11:42 - [MESSAGE][PASSED] - Text 'admin123456' is set on object 'Object Repository/Page_OrangeHRM/inp_Password'

2023-08-21 18:11:42 - [TEST_STEP][PASSED] - click(findTestObject("Object Repository/Page_OrangeHRM/btn_Login")): Object: 'Object Repository/Page_OrangeHRM/btn_Login' is clicked on

2023-08-21 18:11:43 - [MESSAGE][PASSED] - Object: 'Object Repository/Page_OrangeHRM/btn_Login' is clicked on

2023-08-21 18:11:43 - [TEST_STEP][PASSED] - try: Object 'Object Repository/Page_OrangeHRM/p_Invalid credentials' is visible

2023-08-21 18:11:43 - [TEST_STEP][PASSED] - element = verifyElementVisible(findTestObject("Object Repository/Page_OrangeHRM/p_Invalid credentials")): Object 'Object Repository/Page_OrangeHRM/p_Invalid credentials' is visible

2023-08-21 18:11:44 - [MESSAGE][PASSED] - Object 'Object Repository/Page_OrangeHRM/p_Invalid credentials' is visible

2023-08-21 18:11:44 - [TEST_STEP][PASSED] - closeBrowser(): Browser is closed

2023-08-21 18:11:45 - [MESSAGE][PASSED] - Browser is closed]]></system-out>
         <system-err><![CDATA[]]></system-err>
      </testcase>
      <testcase name="Test Cases/Verify the Login of Site-N2" time="12.999" classname="Test Cases/Verify the Login of Site-N2" status="PASSED">
         <system-out><![CDATA[2023-08-21 18:11:45 - [TEST_CASE][PASSED] - Test Cases/Verify the Login of Site-N2: Test Cases/Verify the Login of Site-N2

2023-08-21 18:11:45 - [TEST_STEP][PASSED] - openBrowser(""): Browser is opened with url: ''

2023-08-21 18:11:45 - [MESSAGE][INFO] - Starting 'Chrome' driver

2023-08-21 18:11:45 - [MESSAGE][INFO] - Action delay is set to 0 milliseconds

2023-08-21 18:11:48 - [MESSAGE][PASSED] - Browser is opened with url: ''

2023-08-21 18:11:48 - [TEST_STEP][PASSED] - navigateToUrl(urlLoginPage): Navigate to 'https://opensource-demo.orangehrmlive.com/web/index.php/auth/login' successfully

2023-08-21 18:11:51 - [MESSAGE][PASSED] - Navigate to 'https://opensource-demo.orangehrmlive.com/web/index.php/auth/login' successfully

2023-08-21 18:11:51 - [TEST_STEP][PASSED] - verifyElementPresent(findTestObject("Page_OrangeHRM/inp_Username"), 5): Object 'Object Repository/Page_OrangeHRM/inp_Username' is present

2023-08-21 18:11:52 - [MESSAGE][PASSED] - Object 'Object Repository/Page_OrangeHRM/inp_Username' is present

2023-08-21 18:11:52 - [TEST_STEP][PASSED] - verifyElementVisible(findTestObject("Page_OrangeHRM/inp_Username")): Object 'Object Repository/Page_OrangeHRM/inp_Username' is visible

2023-08-21 18:11:52 - [MESSAGE][PASSED] - Object 'Object Repository/Page_OrangeHRM/inp_Username' is visible

2023-08-21 18:11:52 - [TEST_STEP][PASSED] - verifyElementPresent(findTestObject("Page_OrangeHRM/inp_Password"), 5): Object 'Object Repository/Page_OrangeHRM/inp_Password' is present

2023-08-21 18:11:53 - [MESSAGE][PASSED] - Object 'Object Repository/Page_OrangeHRM/inp_Password' is present

2023-08-21 18:11:53 - [TEST_STEP][PASSED] - verifyElementVisible(findTestObject("Page_OrangeHRM/inp_Password")): Object 'Object Repository/Page_OrangeHRM/inp_Password' is visible

2023-08-21 18:11:53 - [MESSAGE][PASSED] - Object 'Object Repository/Page_OrangeHRM/inp_Password' is visible

2023-08-21 18:11:53 - [TEST_STEP][PASSED] - verifyElementPresent(findTestObject("Page_OrangeHRM/btn_Login"), 5): Object 'Object Repository/Page_OrangeHRM/btn_Login' is present

2023-08-21 18:11:53 - [MESSAGE][PASSED] - Object 'Object Repository/Page_OrangeHRM/btn_Login' is present

2023-08-21 18:11:53 - [TEST_STEP][PASSED] - verifyElementVisible(findTestObject("Page_OrangeHRM/btn_Login")): Object 'Object Repository/Page_OrangeHRM/btn_Login' is visible

2023-08-21 18:11:54 - [MESSAGE][PASSED] - Object 'Object Repository/Page_OrangeHRM/btn_Login' is visible

2023-08-21 18:11:54 - [TEST_STEP][PASSED] - verifyElementClickable(findTestObject("Page_OrangeHRM/btn_Login")): Object 'Object Repository/Page_OrangeHRM/btn_Login' is clickable

2023-08-21 18:11:54 - [MESSAGE][PASSED] - Object 'Object Repository/Page_OrangeHRM/btn_Login' is clickable

2023-08-21 18:11:54 - [TEST_STEP][PASSED] - setText(findTestObject("Object Repository/Page_OrangeHRM/inp_Username"), username_invalid): Text 'admin123456' is set on object 'Object Repository/Page_OrangeHRM/inp_Username'

2023-08-21 18:11:55 - [MESSAGE][PASSED] - Text 'admin123456' is set on object 'Object Repository/Page_OrangeHRM/inp_Username'

2023-08-21 18:11:55 - [TEST_STEP][PASSED] - setText(findTestObject("Page_OrangeHRM/inp_Password"), password_valid): Text 'hUKwJTbofgPU9eVlw/CnDQ==' is set on object 'Object Repository/Page_OrangeHRM/inp_Password'

2023-08-21 18:11:55 - [MESSAGE][PASSED] - Text 'hUKwJTbofgPU9eVlw/CnDQ==' is set on object 'Object Repository/Page_OrangeHRM/inp_Password'

2023-08-21 18:11:56 - [TEST_STEP][PASSED] - click(findTestObject("Object Repository/Page_OrangeHRM/btn_Login")): Object: 'Object Repository/Page_OrangeHRM/btn_Login' is clicked on

2023-08-21 18:11:56 - [MESSAGE][PASSED] - Object: 'Object Repository/Page_OrangeHRM/btn_Login' is clicked on

2023-08-21 18:11:56 - [TEST_STEP][PASSED] - try: Object 'Object Repository/Page_OrangeHRM/p_Invalid credentials' is visible

2023-08-21 18:11:56 - [TEST_STEP][PASSED] - element = verifyElementVisible(findTestObject("Object Repository/Page_OrangeHRM/p_Invalid credentials")): Object 'Object Repository/Page_OrangeHRM/p_Invalid credentials' is visible

2023-08-21 18:11:57 - [MESSAGE][PASSED] - Object 'Object Repository/Page_OrangeHRM/p_Invalid credentials' is visible

2023-08-21 18:11:57 - [TEST_STEP][PASSED] - closeBrowser(): Browser is closed

2023-08-21 18:11:58 - [MESSAGE][PASSED] - Browser is closed]]></system-out>
         <system-err><![CDATA[]]></system-err>
      </testcase>
      <testcase name="Test Cases/Verify the Login of Site-N3" time="13.675" classname="Test Cases/Verify the Login of Site-N3" status="PASSED">
         <system-out><![CDATA[2023-08-21 18:11:58 - [TEST_CASE][PASSED] - Test Cases/Verify the Login of Site-N3: Test Cases/Verify the Login of Site-N3

2023-08-21 18:11:58 - [TEST_STEP][PASSED] - openBrowser(""): Browser is opened with url: ''

2023-08-21 18:11:58 - [MESSAGE][INFO] - Starting 'Chrome' driver

2023-08-21 18:11:58 - [MESSAGE][INFO] - Action delay is set to 0 milliseconds

2023-08-21 18:12:01 - [MESSAGE][PASSED] - Browser is opened with url: ''

2023-08-21 18:12:01 - [TEST_STEP][PASSED] - navigateToUrl(urlLoginPage): Navigate to 'https://opensource-demo.orangehrmlive.com/web/index.php/auth/login' successfully

2023-08-21 18:12:04 - [MESSAGE][PASSED] - Navigate to 'https://opensource-demo.orangehrmlive.com/web/index.php/auth/login' successfully

2023-08-21 18:12:04 - [TEST_STEP][PASSED] - verifyElementPresent(findTestObject("Page_OrangeHRM/inp_Username"), 5): Object 'Object Repository/Page_OrangeHRM/inp_Username' is present

2023-08-21 18:12:05 - [MESSAGE][PASSED] - Object 'Object Repository/Page_OrangeHRM/inp_Username' is present

2023-08-21 18:12:05 - [TEST_STEP][PASSED] - verifyElementVisible(findTestObject("Page_OrangeHRM/inp_Username")): Object 'Object Repository/Page_OrangeHRM/inp_Username' is visible

2023-08-21 18:12:06 - [MESSAGE][PASSED] - Object 'Object Repository/Page_OrangeHRM/inp_Username' is visible

2023-08-21 18:12:06 - [TEST_STEP][PASSED] - verifyElementPresent(findTestObject("Page_OrangeHRM/inp_Password"), 5): Object 'Object Repository/Page_OrangeHRM/inp_Password' is present

2023-08-21 18:12:06 - [MESSAGE][PASSED] - Object 'Object Repository/Page_OrangeHRM/inp_Password' is present

2023-08-21 18:12:06 - [TEST_STEP][PASSED] - verifyElementVisible(findTestObject("Page_OrangeHRM/inp_Password")): Object 'Object Repository/Page_OrangeHRM/inp_Password' is visible

2023-08-21 18:12:07 - [MESSAGE][PASSED] - Object 'Object Repository/Page_OrangeHRM/inp_Password' is visible

2023-08-21 18:12:07 - [TEST_STEP][PASSED] - verifyElementPresent(findTestObject("Page_OrangeHRM/btn_Login"), 5): Object 'Object Repository/Page_OrangeHRM/btn_Login' is present

2023-08-21 18:12:07 - [MESSAGE][PASSED] - Object 'Object Repository/Page_OrangeHRM/btn_Login' is present

2023-08-21 18:12:07 - [TEST_STEP][PASSED] - verifyElementVisible(findTestObject("Page_OrangeHRM/btn_Login")): Object 'Object Repository/Page_OrangeHRM/btn_Login' is visible

2023-08-21 18:12:07 - [MESSAGE][PASSED] - Object 'Object Repository/Page_OrangeHRM/btn_Login' is visible

2023-08-21 18:12:07 - [TEST_STEP][PASSED] - verifyElementClickable(findTestObject("Page_OrangeHRM/btn_Login")): Object 'Object Repository/Page_OrangeHRM/btn_Login' is clickable

2023-08-21 18:12:08 - [MESSAGE][PASSED] - Object 'Object Repository/Page_OrangeHRM/btn_Login' is clickable

2023-08-21 18:12:08 - [TEST_STEP][PASSED] - setText(findTestObject("Object Repository/Page_OrangeHRM/inp_Username"), username_invalid): Text 'admin123456' is set on object 'Object Repository/Page_OrangeHRM/inp_Username'

2023-08-21 18:12:08 - [MESSAGE][PASSED] - Text 'admin123456' is set on object 'Object Repository/Page_OrangeHRM/inp_Username'

2023-08-21 18:12:08 - [TEST_STEP][PASSED] - setText(findTestObject("Page_OrangeHRM/inp_Password"), password_invalid): Text 'admin123456' is set on object 'Object Repository/Page_OrangeHRM/inp_Password'

2023-08-21 18:12:09 - [MESSAGE][PASSED] - Text 'admin123456' is set on object 'Object Repository/Page_OrangeHRM/inp_Password'

2023-08-21 18:12:09 - [TEST_STEP][PASSED] - click(findTestObject("Object Repository/Page_OrangeHRM/btn_Login")): Object: 'Object Repository/Page_OrangeHRM/btn_Login' is clicked on

2023-08-21 18:12:10 - [MESSAGE][PASSED] - Object: 'Object Repository/Page_OrangeHRM/btn_Login' is clicked on

2023-08-21 18:12:10 - [TEST_STEP][PASSED] - try: Object 'Object Repository/Page_OrangeHRM/p_Invalid credentials' is visible

2023-08-21 18:12:10 - [TEST_STEP][PASSED] - element = verifyElementVisible(findTestObject("Object Repository/Page_OrangeHRM/p_Invalid credentials")): Object 'Object Repository/Page_OrangeHRM/p_Invalid credentials' is visible

2023-08-21 18:12:11 - [MESSAGE][PASSED] - Object 'Object Repository/Page_OrangeHRM/p_Invalid credentials' is visible

2023-08-21 18:12:11 - [TEST_STEP][PASSED] - closeBrowser(): Browser is closed

2023-08-21 18:12:12 - [MESSAGE][PASSED] - Browser is closed]]></system-out>
         <system-err><![CDATA[]]></system-err>
      </testcase>
      <testcase name="Test Cases/Verify the Login of Site-P" time="42.767" classname="Test Cases/Verify the Login of Site-P" status="PASSED">
         <system-out><![CDATA[2023-08-21 18:12:12 - [TEST_CASE][PASSED] - Test Cases/Verify the Login of Site-P: Test Cases/Verify the Login of Site-P

2023-08-21 18:12:12 - [TEST_STEP][PASSED] - openBrowser(""): Browser is opened with url: ''

2023-08-21 18:12:12 - [MESSAGE][INFO] - Starting 'Chrome' driver

2023-08-21 18:12:12 - [MESSAGE][INFO] - Action delay is set to 0 milliseconds

2023-08-21 18:12:14 - [MESSAGE][PASSED] - Browser is opened with url: ''

2023-08-21 18:12:14 - [TEST_STEP][PASSED] - navigateToUrl(urlLoginPage): Navigate to 'https://opensource-demo.orangehrmlive.com/web/index.php/auth/login' successfully

2023-08-21 18:12:17 - [MESSAGE][PASSED] - Navigate to 'https://opensource-demo.orangehrmlive.com/web/index.php/auth/login' successfully

2023-08-21 18:12:17 - [TEST_STEP][PASSED] - verifyElementPresent(findTestObject("Page_OrangeHRM/inp_Username"), 5): Object 'Object Repository/Page_OrangeHRM/inp_Username' is present

2023-08-21 18:12:18 - [MESSAGE][PASSED] - Object 'Object Repository/Page_OrangeHRM/inp_Username' is present

2023-08-21 18:12:18 - [TEST_STEP][PASSED] - verifyElementVisible(findTestObject("Page_OrangeHRM/inp_Username")): Object 'Object Repository/Page_OrangeHRM/inp_Username' is visible

2023-08-21 18:12:19 - [MESSAGE][PASSED] - Object 'Object Repository/Page_OrangeHRM/inp_Username' is visible

2023-08-21 18:12:19 - [TEST_STEP][PASSED] - verifyElementPresent(findTestObject("Page_OrangeHRM/inp_Password"), 5): Object 'Object Repository/Page_OrangeHRM/inp_Password' is present

2023-08-21 18:12:19 - [MESSAGE][PASSED] - Object 'Object Repository/Page_OrangeHRM/inp_Password' is present

2023-08-21 18:12:19 - [TEST_STEP][PASSED] - verifyElementVisible(findTestObject("Page_OrangeHRM/inp_Password")): Object 'Object Repository/Page_OrangeHRM/inp_Password' is visible

2023-08-21 18:12:19 - [MESSAGE][PASSED] - Object 'Object Repository/Page_OrangeHRM/inp_Password' is visible

2023-08-21 18:12:19 - [TEST_STEP][PASSED] - verifyElementPresent(findTestObject("Page_OrangeHRM/btn_Login"), 5): Object 'Object Repository/Page_OrangeHRM/btn_Login' is present

2023-08-21 18:12:20 - [MESSAGE][PASSED] - Object 'Object Repository/Page_OrangeHRM/btn_Login' is present

2023-08-21 18:12:20 - [TEST_STEP][PASSED] - verifyElementVisible(findTestObject("Page_OrangeHRM/btn_Login")): Object 'Object Repository/Page_OrangeHRM/btn_Login' is visible

2023-08-21 18:12:20 - [MESSAGE][PASSED] - Object 'Object Repository/Page_OrangeHRM/btn_Login' is visible

2023-08-21 18:12:20 - [TEST_STEP][PASSED] - verifyElementClickable(findTestObject("Page_OrangeHRM/btn_Login")): Object 'Object Repository/Page_OrangeHRM/btn_Login' is clickable

2023-08-21 18:12:21 - [MESSAGE][PASSED] - Object 'Object Repository/Page_OrangeHRM/btn_Login' is clickable

2023-08-21 18:12:21 - [TEST_STEP][PASSED] - setText(findTestObject("Object Repository/Page_OrangeHRM/inp_Username"), username_valid): Text 'Admin' is set on object 'Object Repository/Page_OrangeHRM/inp_Username'

2023-08-21 18:12:21 - [MESSAGE][PASSED] - Text 'Admin' is set on object 'Object Repository/Page_OrangeHRM/inp_Username'

2023-08-21 18:12:21 - [TEST_STEP][PASSED] - setEncryptedText(findTestObject("Page_OrangeHRM/inp_Password"), password_valid): Text ****** has been set on object 'Object Repository/Page_OrangeHRM/inp_Password'

2023-08-21 18:12:22 - [MESSAGE][PASSED] - Text ****** has been set on object 'Object Repository/Page_OrangeHRM/inp_Password'

2023-08-21 18:12:22 - [TEST_STEP][PASSED] - click(findTestObject("Object Repository/Page_OrangeHRM/btn_Login")): Object: 'Object Repository/Page_OrangeHRM/btn_Login' is clicked on

2023-08-21 18:12:22 - [MESSAGE][PASSED] - Object: 'Object Repository/Page_OrangeHRM/btn_Login' is clicked on

2023-08-21 18:12:22 - [TEST_STEP][PASSED] - try: Object 'Object Repository/Page_OrangeHRM/p_Invalid credentials' is visible

2023-08-21 18:12:22 - [TEST_STEP][PASSED] - element = verifyElementVisible(findTestObject("Object Repository/Page_OrangeHRM/p_Invalid credentials")): Object 'Object Repository/Page_OrangeHRM/p_Invalid credentials' is visible

2023-08-21 18:12:53 - [MESSAGE][INFO] - Unable to find the element located by 'By.xpath: //p[(text() = 'Invalid credentials' or . = 'Invalid credentials')]'. Please recheck the objects properties to make sure the desired element is located. 

2023-08-21 18:12:53 - [MESSAGE][WARNING] - [SELF-HEALING] Failed to find element with id 'Object Repository/Page_OrangeHRM/p_Invalid credentials'. Try using Self-healing.

2023-08-21 18:12:54 - [MESSAGE][WARNING] - [SELF-HEALING] The current locator of test object 'Object Repository/Page_OrangeHRM/p_Invalid credentials' was broken. Propose an alternative one: '//p'.

2023-08-21 18:12:54 - [MESSAGE][PASSED] - Object 'Object Repository/Page_OrangeHRM/p_Invalid credentials' is visible

2023-08-21 18:12:54 - [TEST_STEP][PASSED] - closeBrowser(): Browser is closed

2023-08-21 18:12:55 - [MESSAGE][PASSED] - Browser is closed]]></system-out>
         <system-err><![CDATA[]]></system-err>
      </testcase>
      <system-out><![CDATA[2023-08-21 18:11:24 - [TEST_SUITE][PASSED] - Verify the Login of Site: Test Cases/Verify the Login of Site-P]]></system-out>
      <system-err><![CDATA[]]></system-err>
   </testsuite>
   <testsuite name="Verify the Login of Site" tests="4" failures="4" errors="0" time="185.439" skipped="0" timestamp="2023-08-21 18:11:24" hostname="ekarayel - BD115216NEBS.clkenerji.local" id="Test Suites/Verify the Login of Site">
      <properties>
         <property name="deviceName" value=""/>
         <property name="devicePlatform" value=""/>
         <property name="logFolder" value="C:\\Users\\ekarayel\\git\\KatalonRep1\\Reports\\20230821_181116\\Verify the Login of Site\\20230821_181119"/>
         <property name="logFiles" value="C:\\Users\\ekarayel\\git\\KatalonRep1\\Reports\\20230821_181116\\Verify the Login of Site\\20230821_181119\\execution0.log"/>
         <property name="attachments" value="C:\\Users\\ekarayel\\git\\KatalonRep1\\Reports\\20230821_181116\\Verify the Login of Site\\20230821_181119\\1692630698282.png, C:\\Users\\ekarayel\\git\\KatalonRep1\\Reports\\20230821_181116\\Verify the Login of Site\\20230821_181119\\1692630708285.png, C:\\Users\\ekarayel\\git\\KatalonRep1\\Reports\\20230821_181116\\Verify the Login of Site\\20230821_181119\\1692630719889.png, C:\\Users\\ekarayel\\git\\KatalonRep1\\Reports\\20230821_181116\\Verify the Login of Site\\20230821_181119\\1692630733201.png, C:\\Users\\ekarayel\\git\\KatalonRep1\\Reports\\20230821_181116\\Verify the Login of Site\\20230821_181119\\1692630745235.png, C:\\Users\\ekarayel\\git\\KatalonRep1\\Reports\\20230821_181116\\Verify the Login of Site\\20230821_181119\\1692630766003.png, C:\\Users\\ekarayel\\git\\KatalonRep1\\Reports\\20230821_181116\\Verify the Login of Site\\20230821_181119\\1692630776397.png, C:\\Users\\ekarayel\\git\\KatalonRep1\\Reports\\20230821_181116\\Verify the Login of Site\\20230821_181119\\1692630786384.png, C:\\Users\\ekarayel\\git\\KatalonRep1\\Reports\\20230821_181116\\Verify the Login of Site\\20230821_181119\\1692630798586.png, C:\\Users\\ekarayel\\git\\KatalonRep1\\Reports\\20230821_181116\\Verify the Login of Site\\20230821_181119\\1692630809461.png, C:\\Users\\ekarayel\\git\\KatalonRep1\\Reports\\20230821_181116\\Verify the Login of Site\\20230821_181119\\1692630820220.png, C:\\Users\\ekarayel\\git\\KatalonRep1\\Reports\\20230821_181116\\Verify the Login of Site\\20230821_181119\\1692630829940.png, C:\\Users\\ekarayel\\git\\KatalonRep1\\Reports\\20230821_181116\\Verify the Login of Site\\20230821_181119\\1692630840898.png, C:\\Users\\ekarayel\\git\\KatalonRep1\\Reports\\20230821_181116\\Verify the Login of Site\\20230821_181119\\1692630849742.png, C:\\Users\\ekarayel\\git\\KatalonRep1\\Reports\\20230821_181116\\Verify the Login of Site\\20230821_181119\\1692630859026.png, C:\\Users\\ekarayel\\git\\KatalonRep1\\Reports\\20230821_181116\\Verify the Login of Site\\20230821_181119\\1692630869859.png"/>
         <property name="hostName" value="ekarayel - BD115216NEBS.clkenerji.local"/>
         <property name="os" value="Windows 10 64bit"/>
         <property name="katalonVersion" value="8.6.6.208"/>
         <property name="browser" value="Edge Chromium 115"/>
         <property name="hostAddress" value="192.168.1.164"/>
         <property name="sessionId" value="cffbd9238105b9570e889e00aab90d6e"/>
         <property name="seleniumVersion" value="3.141.59"/>
         <property name="proxyInformation" value="ProxyInformation { proxyOption=NO_PROXY, proxyServerType=HTTP, username=, password=********, proxyServerAddress=, proxyServerPort=0, executionList=&quot;&quot;, isApplyToDesiredCapabilities=true }"/>
         <property name="platform" value="Windows 10"/>
      </properties>
      <testcase name="Test Cases/Verify the Login of Site-N1" time="13.227" classname="Test Cases/Verify the Login of Site-N1" status="FAILED">
         <failure type="FAILED" message="Test Cases/Verify the Login of Site-N1 FAILED.
Reason:
com.kms.katalon.core.exception.StepFailedException: Unable to set text 'null' of object 'Object Repository/Page_OrangeHRM/inp_Username'
	at com.kms.katalon.core.webui.keyword.internal.WebUIKeywordMain.stepFailed(WebUIKeywordMain.groovy:64)
	at com.kms.katalon.core.webui.keyword.internal.WebUIKeywordMain.runKeyword(WebUIKeywordMain.groovy:26)
	at com.kms.katalon.core.webui.keyword.builtin.SetTextKeyword.setText(SetTextKeyword.groovy:66)
	at com.kms.katalon.core.webui.keyword.builtin.SetTextKeyword.execute(SetTextKeyword.groovy:37)
	at com.kms.katalon.core.keyword.internal.KeywordExecutor.executeKeywordForPlatform(KeywordExecutor.groovy:74)
	at com.kms.katalon.core.webui.keyword.WebUiBuiltInKeywords.setText(WebUiBuiltInKeywords.groovy:980)
	at com.kms.katalon.core.webui.keyword.WebUiBuiltInKeywords$setText$4.call(Unknown Source)
	at Verify the Login of Site-N1.run(Verify the Login of Site-N1:30)
	at com.kms.katalon.core.main.ScriptEngine.run(ScriptEngine.java:194)
	at com.kms.katalon.core.main.ScriptEngine.runScriptAsRawText(ScriptEngine.java:119)
	at com.kms.katalon.core.main.TestCaseExecutor.runScript(TestCaseExecutor.java:448)
	at com.kms.katalon.core.main.TestCaseExecutor.doExecute(TestCaseExecutor.java:439)
	at com.kms.katalon.core.main.TestCaseExecutor.processExecutionPhase(TestCaseExecutor.java:418)
	at com.kms.katalon.core.main.TestCaseExecutor.accessMainPhase(TestCaseExecutor.java:410)
	at com.kms.katalon.core.main.TestCaseExecutor.execute(TestCaseExecutor.java:285)
	at com.kms.katalon.core.main.TestCaseExecutor.execute(TestCaseExecutor.java:369)
	at com.kms.katalon.core.main.TestCaseExecutor.execute(TestCaseExecutor.java:369)
	at com.kms.katalon.core.main.TestCaseExecutor.execute(TestCaseExecutor.java:369)
	at com.kms.katalon.core.common.CommonExecutor.accessTestCaseMainPhase(CommonExecutor.java:65)
	at com.kms.katalon.core.main.TestSuiteExecutor.accessTestSuiteMainPhase(TestSuiteExecutor.java:148)
	at com.kms.katalon.core.main.TestSuiteExecutor.execute(TestSuiteExecutor.java:106)
	at com.kms.katalon.core.main.TestCaseMain.startTestSuite(TestCaseMain.java:187)
	at com.kms.katalon.core.main.TestCaseMain$startTestSuite$0.call(Unknown Source)
	at TempTestSuite1692630679438.run(TempTestSuite1692630679438.groovy:36)
Caused by: java.lang.IllegalArgumentException: Text is null
	at com.kms.katalon.core.webui.keyword.builtin.SetTextKeyword$_setText_closure1.doCall(SetTextKeyword.groovy:48)
	at com.kms.katalon.core.webui.keyword.builtin.SetTextKeyword$_setText_closure1.call(SetTextKeyword.groovy)
	at com.kms.katalon.core.webui.keyword.internal.WebUIKeywordMain.runKeyword(WebUIKeywordMain.groovy:20)
	... 22 more
"/>
         <system-out><![CDATA[2023-08-21 18:12:00 - [TEST_CASE][FAILED] - Test Cases/Verify the Login of Site-N1: Test Cases/Verify the Login of Site-N1 FAILED.
Reason:
com.kms.katalon.core.exception.StepFailedException: Unable to set text 'null' of object 'Object Repository/Page_OrangeHRM/inp_Username'
	at com.kms.katalon.core.webui.keyword.internal.WebUIKeywordMain.stepFailed(WebUIKeywordMain.groovy:64)
	at com.kms.katalon.core.webui.keyword.internal.WebUIKeywordMain.runKeyword(WebUIKeywordMain.groovy:26)
	at com.kms.katalon.core.webui.keyword.builtin.SetTextKeyword.setText(SetTextKeyword.groovy:66)
	at com.kms.katalon.core.webui.keyword.builtin.SetTextKeyword.execute(SetTextKeyword.groovy:37)
	at com.kms.katalon.core.keyword.internal.KeywordExecutor.executeKeywordForPlatform(KeywordExecutor.groovy:74)
	at com.kms.katalon.core.webui.keyword.WebUiBuiltInKeywords.setText(WebUiBuiltInKeywords.groovy:980)
	at com.kms.katalon.core.webui.keyword.WebUiBuiltInKeywords$setText$4.call(Unknown Source)
	at Verify the Login of Site-N1.run(Verify the Login of Site-N1:30)
	at com.kms.katalon.core.main.ScriptEngine.run(ScriptEngine.java:194)
	at com.kms.katalon.core.main.ScriptEngine.runScriptAsRawText(ScriptEngine.java:119)
	at com.kms.katalon.core.main.TestCaseExecutor.runScript(TestCaseExecutor.java:448)
	at com.kms.katalon.core.main.TestCaseExecutor.doExecute(TestCaseExecutor.java:439)
	at com.kms.katalon.core.main.TestCaseExecutor.processExecutionPhase(TestCaseExecutor.java:418)
	at com.kms.katalon.core.main.TestCaseExecutor.accessMainPhase(TestCaseExecutor.java:410)
	at com.kms.katalon.core.main.TestCaseExecutor.execute(TestCaseExecutor.java:285)
	at com.kms.katalon.core.main.TestCaseExecutor.execute(TestCaseExecutor.java:369)
	at com.kms.katalon.core.main.TestCaseExecutor.execute(TestCaseExecutor.java:369)
	at com.kms.katalon.core.main.TestCaseExecutor.execute(TestCaseExecutor.java:369)
	at com.kms.katalon.core.common.CommonExecutor.accessTestCaseMainPhase(CommonExecutor.java:65)
	at com.kms.katalon.core.main.TestSuiteExecutor.accessTestSuiteMainPhase(TestSuiteExecutor.java:148)
	at com.kms.katalon.core.main.TestSuiteExecutor.execute(TestSuiteExecutor.java:106)
	at com.kms.katalon.core.main.TestCaseMain.startTestSuite(TestCaseMain.java:187)
	at com.kms.katalon.core.main.TestCaseMain$startTestSuite$0.call(Unknown Source)
	at TempTestSuite1692630679438.run(TempTestSuite1692630679438.groovy:36)
Caused by: java.lang.IllegalArgumentException: Text is null
	at com.kms.katalon.core.webui.keyword.builtin.SetTextKeyword$_setText_closure1.doCall(SetTextKeyword.groovy:48)
	at com.kms.katalon.core.webui.keyword.builtin.SetTextKeyword$_setText_closure1.call(SetTextKeyword.groovy)
	at com.kms.katalon.core.webui.keyword.internal.WebUIKeywordMain.runKeyword(WebUIKeywordMain.groovy:20)
	... 22 more


2023-08-21 18:12:00 - [TEST_STEP][PASSED] - openBrowser(""): Browser is opened with url: ''

2023-08-21 18:12:00 - [MESSAGE][WARNING] - A browser is already opened. Closing browser and opening a new one

2023-08-21 18:12:01 - [MESSAGE][INFO] - Starting 'Edge Chromium' driver

2023-08-21 18:12:02 - [MESSAGE][INFO] - Action delay is set to 0 milliseconds

2023-08-21 18:12:03 - [MESSAGE][PASSED] - Browser is opened with url: ''

2023-08-21 18:12:03 - [TEST_STEP][PASSED] - navigateToUrl(urlLoginPage): Navigate to 'https://opensource-demo.orangehrmlive.com/web/index.php/auth/login' successfully

2023-08-21 18:12:09 - [MESSAGE][PASSED] - Navigate to 'https://opensource-demo.orangehrmlive.com/web/index.php/auth/login' successfully

2023-08-21 18:12:09 - [TEST_STEP][PASSED] - verifyElementPresent(findTestObject("Page_OrangeHRM/inp_Username"), 5): Object 'Object Repository/Page_OrangeHRM/inp_Username' is present

2023-08-21 18:12:10 - [MESSAGE][PASSED] - Object 'Object Repository/Page_OrangeHRM/inp_Username' is present

2023-08-21 18:12:10 - [TEST_STEP][PASSED] - verifyElementVisible(findTestObject("Page_OrangeHRM/inp_Username")): Object 'Object Repository/Page_OrangeHRM/inp_Username' is visible

2023-08-21 18:12:10 - [MESSAGE][PASSED] - Object 'Object Repository/Page_OrangeHRM/inp_Username' is visible

2023-08-21 18:12:10 - [TEST_STEP][PASSED] - verifyElementPresent(findTestObject("Page_OrangeHRM/inp_Password"), 5): Object 'Object Repository/Page_OrangeHRM/inp_Password' is present

2023-08-21 18:12:11 - [MESSAGE][PASSED] - Object 'Object Repository/Page_OrangeHRM/inp_Password' is present

2023-08-21 18:12:11 - [TEST_STEP][PASSED] - verifyElementVisible(findTestObject("Page_OrangeHRM/inp_Password")): Object 'Object Repository/Page_OrangeHRM/inp_Password' is visible

2023-08-21 18:12:11 - [MESSAGE][PASSED] - Object 'Object Repository/Page_OrangeHRM/inp_Password' is visible

2023-08-21 18:12:11 - [TEST_STEP][PASSED] - verifyElementPresent(findTestObject("Page_OrangeHRM/btn_Login"), 5): Object 'Object Repository/Page_OrangeHRM/btn_Login' is present

2023-08-21 18:12:12 - [MESSAGE][PASSED] - Object 'Object Repository/Page_OrangeHRM/btn_Login' is present

2023-08-21 18:12:12 - [TEST_STEP][PASSED] - verifyElementVisible(findTestObject("Page_OrangeHRM/btn_Login")): Object 'Object Repository/Page_OrangeHRM/btn_Login' is visible

2023-08-21 18:12:12 - [MESSAGE][PASSED] - Object 'Object Repository/Page_OrangeHRM/btn_Login' is visible

2023-08-21 18:12:12 - [TEST_STEP][PASSED] - verifyElementClickable(findTestObject("Page_OrangeHRM/btn_Login")): Object 'Object Repository/Page_OrangeHRM/btn_Login' is clickable

2023-08-21 18:12:13 - [MESSAGE][PASSED] - Object 'Object Repository/Page_OrangeHRM/btn_Login' is clickable

2023-08-21 18:12:13 - [TEST_STEP][FAILED] - setText(findTestObject("Object Repository/Page_OrangeHRM/inp_Username"), username_valid): Unable to set text 'null' of object 'Object Repository/Page_OrangeHRM/inp_Username' (Root cause: com.kms.katalon.core.exception.StepFailedException: Unable to set text 'null' of object 'Object Repository/Page_OrangeHRM/inp_Username'
	at com.kms.katalon.core.webui.keyword.internal.WebUIKeywordMain.stepFailed(WebUIKeywordMain.groovy:64)
	at com.kms.katalon.core.webui.keyword.internal.WebUIKeywordMain.runKeyword(WebUIKeywordMain.groovy:26)
	at com.kms.katalon.core.webui.keyword.builtin.SetTextKeyword.setText(SetTextKeyword.groovy:66)
	at com.kms.katalon.core.webui.keyword.builtin.SetTextKeyword.execute(SetTextKeyword.groovy:37)
	at com.kms.katalon.core.keyword.internal.KeywordExecutor.executeKeywordForPlatform(KeywordExecutor.groovy:74)
	at com.kms.katalon.core.webui.keyword.WebUiBuiltInKeywords.setText(WebUiBuiltInKeywords.groovy:980)
	at com.kms.katalon.core.webui.keyword.WebUiBuiltInKeywords$setText$4.call(Unknown Source)
	at Verify the Login of Site-N1.run(Verify the Login of Site-N1:30)
	at com.kms.katalon.core.main.ScriptEngine.run(ScriptEngine.java:194)
	at com.kms.katalon.core.main.ScriptEngine.runScriptAsRawText(ScriptEngine.java:119)
	at com.kms.katalon.core.main.TestCaseExecutor.runScript(TestCaseExecutor.java:448)
	at com.kms.katalon.core.main.TestCaseExecutor.doExecute(TestCaseExecutor.java:439)
	at com.kms.katalon.core.main.TestCaseExecutor.processExecutionPhase(TestCaseExecutor.java:418)
	at com.kms.katalon.core.main.TestCaseExecutor.accessMainPhase(TestCaseExecutor.java:410)
	at com.kms.katalon.core.main.TestCaseExecutor.execute(TestCaseExecutor.java:285)
	at com.kms.katalon.core.main.TestCaseExecutor.execute(TestCaseExecutor.java:369)
	at com.kms.katalon.core.main.TestCaseExecutor.execute(TestCaseExecutor.java:369)
	at com.kms.katalon.core.main.TestCaseExecutor.execute(TestCaseExecutor.java:369)
	at com.kms.katalon.core.common.CommonExecutor.accessTestCaseMainPhase(CommonExecutor.java:65)
	at com.kms.katalon.core.main.TestSuiteExecutor.accessTestSuiteMainPhase(TestSuiteExecutor.java:148)
	at com.kms.katalon.core.main.TestSuiteExecutor.execute(TestSuiteExecutor.java:106)
	at com.kms.katalon.core.main.TestCaseMain.startTestSuite(TestCaseMain.java:187)
	at com.kms.katalon.core.main.TestCaseMain$startTestSuite$0.call(Unknown Source)
	at TempTestSuite1692630679438.run(TempTestSuite1692630679438.groovy:36)
Caused by: java.lang.IllegalArgumentException: Text is null
	at com.kms.katalon.core.webui.keyword.builtin.SetTextKeyword$_setText_closure1.doCall(SetTextKeyword.groovy:48)
	at com.kms.katalon.core.webui.keyword.builtin.SetTextKeyword$_setText_closure1.call(SetTextKeyword.groovy)
	at com.kms.katalon.core.webui.keyword.internal.WebUIKeywordMain.runKeyword(WebUIKeywordMain.groovy:20)
	at com.kms.katalon.core.webui.keyword.builtin.SetTextKeyword.setText(SetTextKeyword.groovy:66)
	at com.kms.katalon.core.webui.keyword.builtin.SetTextKeyword.execute(SetTextKeyword.groovy:37)
	at com.kms.katalon.core.keyword.internal.KeywordExecutor.executeKeywordForPlatform(KeywordExecutor.groovy:74)
	at com.kms.katalon.core.webui.keyword.WebUiBuiltInKeywords.setText(WebUiBuiltInKeywords.groovy:980)
	at com.kms.katalon.core.webui.keyword.WebUiBuiltInKeywords$setText$4.call(Unknown Source)
	at Script1692629751490.run(Script1692629751490.groovy:30)
	... 16 more
)

2023-08-21 18:12:13 - [MESSAGE][FAILED] - Unable to set text 'null' of object 'Object Repository/Page_OrangeHRM/inp_Username' (Root cause: com.kms.katalon.core.exception.StepFailedException: Unable to set text 'null' of object 'Object Repository/Page_OrangeHRM/inp_Username'
	at com.kms.katalon.core.webui.keyword.internal.WebUIKeywordMain.stepFailed(WebUIKeywordMain.groovy:64)
	at com.kms.katalon.core.webui.keyword.internal.WebUIKeywordMain.runKeyword(WebUIKeywordMain.groovy:26)
	at com.kms.katalon.core.webui.keyword.builtin.SetTextKeyword.setText(SetTextKeyword.groovy:66)
	at com.kms.katalon.core.webui.keyword.builtin.SetTextKeyword.execute(SetTextKeyword.groovy:37)
	at com.kms.katalon.core.keyword.internal.KeywordExecutor.executeKeywordForPlatform(KeywordExecutor.groovy:74)
	at com.kms.katalon.core.webui.keyword.WebUiBuiltInKeywords.setText(WebUiBuiltInKeywords.groovy:980)
	at com.kms.katalon.core.webui.keyword.WebUiBuiltInKeywords$setText$4.call(Unknown Source)
	at Verify the Login of Site-N1.run(Verify the Login of Site-N1:30)
	at com.kms.katalon.core.main.ScriptEngine.run(ScriptEngine.java:194)
	at com.kms.katalon.core.main.ScriptEngine.runScriptAsRawText(ScriptEngine.java:119)
	at com.kms.katalon.core.main.TestCaseExecutor.runScript(TestCaseExecutor.java:448)
	at com.kms.katalon.core.main.TestCaseExecutor.doExecute(TestCaseExecutor.java:439)
	at com.kms.katalon.core.main.TestCaseExecutor.processExecutionPhase(TestCaseExecutor.java:418)
	at com.kms.katalon.core.main.TestCaseExecutor.accessMainPhase(TestCaseExecutor.java:410)
	at com.kms.katalon.core.main.TestCaseExecutor.execute(TestCaseExecutor.java:285)
	at com.kms.katalon.core.main.TestCaseExecutor.execute(TestCaseExecutor.java:369)
	at com.kms.katalon.core.main.TestCaseExecutor.execute(TestCaseExecutor.java:369)
	at com.kms.katalon.core.main.TestCaseExecutor.execute(TestCaseExecutor.java:369)
	at com.kms.katalon.core.common.CommonExecutor.accessTestCaseMainPhase(CommonExecutor.java:65)
	at com.kms.katalon.core.main.TestSuiteExecutor.accessTestSuiteMainPhase(TestSuiteExecutor.java:148)
	at com.kms.katalon.core.main.TestSuiteExecutor.execute(TestSuiteExecutor.java:106)
	at com.kms.katalon.core.main.TestCaseMain.startTestSuite(TestCaseMain.java:187)
	at com.kms.katalon.core.main.TestCaseMain$startTestSuite$0.call(Unknown Source)
	at TempTestSuite1692630679438.run(TempTestSuite1692630679438.groovy:36)
Caused by: java.lang.IllegalArgumentException: Text is null
	at com.kms.katalon.core.webui.keyword.builtin.SetTextKeyword$_setText_closure1.doCall(SetTextKeyword.groovy:48)
	at com.kms.katalon.core.webui.keyword.builtin.SetTextKeyword$_setText_closure1.call(SetTextKeyword.groovy)
	at com.kms.katalon.core.webui.keyword.internal.WebUIKeywordMain.runKeyword(WebUIKeywordMain.groovy:20)
	at com.kms.katalon.core.webui.keyword.builtin.SetTextKeyword.setText(SetTextKeyword.groovy:66)
	at com.kms.katalon.core.webui.keyword.builtin.SetTextKeyword.execute(SetTextKeyword.groovy:37)
	at com.kms.katalon.core.keyword.internal.KeywordExecutor.executeKeywordForPlatform(KeywordExecutor.groovy:74)
	at com.kms.katalon.core.webui.keyword.WebUiBuiltInKeywords.setText(WebUiBuiltInKeywords.groovy:980)
	at com.kms.katalon.core.webui.keyword.WebUiBuiltInKeywords$setText$4.call(Unknown Source)
	at Script1692629751490.run(Script1692629751490.groovy:30)
	... 16 more
)
[[ATTACHMENT|C:\\Users\\ekarayel\\git\\KatalonRep1\\Reports\\20230821_181116\\Verify the Login of Site\\20230821_181119\\1692630733201.png]]]]></system-out>
         <system-err><![CDATA[2023-08-21 18:12:00 - [TEST_CASE][FAILED] - Test Cases/Verify the Login of Site-N1: Test Cases/Verify the Login of Site-N1 FAILED.
Reason:
com.kms.katalon.core.exception.StepFailedException: Unable to set text 'null' of object 'Object Repository/Page_OrangeHRM/inp_Username'
	at com.kms.katalon.core.webui.keyword.internal.WebUIKeywordMain.stepFailed(WebUIKeywordMain.groovy:64)
	at com.kms.katalon.core.webui.keyword.internal.WebUIKeywordMain.runKeyword(WebUIKeywordMain.groovy:26)
	at com.kms.katalon.core.webui.keyword.builtin.SetTextKeyword.setText(SetTextKeyword.groovy:66)
	at com.kms.katalon.core.webui.keyword.builtin.SetTextKeyword.execute(SetTextKeyword.groovy:37)
	at com.kms.katalon.core.keyword.internal.KeywordExecutor.executeKeywordForPlatform(KeywordExecutor.groovy:74)
	at com.kms.katalon.core.webui.keyword.WebUiBuiltInKeywords.setText(WebUiBuiltInKeywords.groovy:980)
	at com.kms.katalon.core.webui.keyword.WebUiBuiltInKeywords$setText$4.call(Unknown Source)
	at Verify the Login of Site-N1.run(Verify the Login of Site-N1:30)
	at com.kms.katalon.core.main.ScriptEngine.run(ScriptEngine.java:194)
	at com.kms.katalon.core.main.ScriptEngine.runScriptAsRawText(ScriptEngine.java:119)
	at com.kms.katalon.core.main.TestCaseExecutor.runScript(TestCaseExecutor.java:448)
	at com.kms.katalon.core.main.TestCaseExecutor.doExecute(TestCaseExecutor.java:439)
	at com.kms.katalon.core.main.TestCaseExecutor.processExecutionPhase(TestCaseExecutor.java:418)
	at com.kms.katalon.core.main.TestCaseExecutor.accessMainPhase(TestCaseExecutor.java:410)
	at com.kms.katalon.core.main.TestCaseExecutor.execute(TestCaseExecutor.java:285)
	at com.kms.katalon.core.main.TestCaseExecutor.execute(TestCaseExecutor.java:369)
	at com.kms.katalon.core.main.TestCaseExecutor.execute(TestCaseExecutor.java:369)
	at com.kms.katalon.core.main.TestCaseExecutor.execute(TestCaseExecutor.java:369)
	at com.kms.katalon.core.common.CommonExecutor.accessTestCaseMainPhase(CommonExecutor.java:65)
	at com.kms.katalon.core.main.TestSuiteExecutor.accessTestSuiteMainPhase(TestSuiteExecutor.java:148)
	at com.kms.katalon.core.main.TestSuiteExecutor.execute(TestSuiteExecutor.java:106)
	at com.kms.katalon.core.main.TestCaseMain.startTestSuite(TestCaseMain.java:187)
	at com.kms.katalon.core.main.TestCaseMain$startTestSuite$0.call(Unknown Source)
	at TempTestSuite1692630679438.run(TempTestSuite1692630679438.groovy:36)
Caused by: java.lang.IllegalArgumentException: Text is null
	at com.kms.katalon.core.webui.keyword.builtin.SetTextKeyword$_setText_closure1.doCall(SetTextKeyword.groovy:48)
	at com.kms.katalon.core.webui.keyword.builtin.SetTextKeyword$_setText_closure1.call(SetTextKeyword.groovy)
	at com.kms.katalon.core.webui.keyword.internal.WebUIKeywordMain.runKeyword(WebUIKeywordMain.groovy:20)
	... 22 more]]></system-err>
      </testcase>
      <testcase name="Test Cases/Verify the Login of Site-N2" time="9.983" classname="Test Cases/Verify the Login of Site-N2" status="FAILED">
         <failure type="FAILED" message="Test Cases/Verify the Login of Site-N2 FAILED.
Reason:
com.kms.katalon.core.exception.StepFailedException: Unable to set text 'null' of object 'Object Repository/Page_OrangeHRM/inp_Username'
	at com.kms.katalon.core.webui.keyword.internal.WebUIKeywordMain.stepFailed(WebUIKeywordMain.groovy:64)
	at com.kms.katalon.core.webui.keyword.internal.WebUIKeywordMain.runKeyword(WebUIKeywordMain.groovy:26)
	at com.kms.katalon.core.webui.keyword.builtin.SetTextKeyword.setText(SetTextKeyword.groovy:66)
	at com.kms.katalon.core.webui.keyword.builtin.SetTextKeyword.execute(SetTextKeyword.groovy:37)
	at com.kms.katalon.core.keyword.internal.KeywordExecutor.executeKeywordForPlatform(KeywordExecutor.groovy:74)
	at com.kms.katalon.core.webui.keyword.WebUiBuiltInKeywords.setText(WebUiBuiltInKeywords.groovy:980)
	at com.kms.katalon.core.webui.keyword.WebUiBuiltInKeywords$setText$4.call(Unknown Source)
	at Verify the Login of Site-N2.run(Verify the Login of Site-N2:28)
	at com.kms.katalon.core.main.ScriptEngine.run(ScriptEngine.java:194)
	at com.kms.katalon.core.main.ScriptEngine.runScriptAsRawText(ScriptEngine.java:119)
	at com.kms.katalon.core.main.TestCaseExecutor.runScript(TestCaseExecutor.java:448)
	at com.kms.katalon.core.main.TestCaseExecutor.doExecute(TestCaseExecutor.java:439)
	at com.kms.katalon.core.main.TestCaseExecutor.processExecutionPhase(TestCaseExecutor.java:418)
	at com.kms.katalon.core.main.TestCaseExecutor.accessMainPhase(TestCaseExecutor.java:410)
	at com.kms.katalon.core.main.TestCaseExecutor.execute(TestCaseExecutor.java:285)
	at com.kms.katalon.core.main.TestCaseExecutor.execute(TestCaseExecutor.java:369)
	at com.kms.katalon.core.main.TestCaseExecutor.execute(TestCaseExecutor.java:369)
	at com.kms.katalon.core.main.TestCaseExecutor.execute(TestCaseExecutor.java:369)
	at com.kms.katalon.core.common.CommonExecutor.accessTestCaseMainPhase(CommonExecutor.java:65)
	at com.kms.katalon.core.main.TestSuiteExecutor.accessTestSuiteMainPhase(TestSuiteExecutor.java:148)
	at com.kms.katalon.core.main.TestSuiteExecutor.execute(TestSuiteExecutor.java:106)
	at com.kms.katalon.core.main.TestCaseMain.startTestSuite(TestCaseMain.java:187)
	at com.kms.katalon.core.main.TestCaseMain$startTestSuite$0.call(Unknown Source)
	at TempTestSuite1692630679438.run(TempTestSuite1692630679438.groovy:36)
Caused by: java.lang.IllegalArgumentException: Text is null
	at com.kms.katalon.core.webui.keyword.builtin.SetTextKeyword$_setText_closure1.doCall(SetTextKeyword.groovy:48)
	at com.kms.katalon.core.webui.keyword.builtin.SetTextKeyword$_setText_closure1.call(SetTextKeyword.groovy)
	at com.kms.katalon.core.webui.keyword.internal.WebUIKeywordMain.runKeyword(WebUIKeywordMain.groovy:20)
	... 22 more
"/>
         <system-out><![CDATA[2023-08-21 18:12:56 - [TEST_CASE][FAILED] - Test Cases/Verify the Login of Site-N2: Test Cases/Verify the Login of Site-N2 FAILED.
Reason:
com.kms.katalon.core.exception.StepFailedException: Unable to set text 'null' of object 'Object Repository/Page_OrangeHRM/inp_Username'
	at com.kms.katalon.core.webui.keyword.internal.WebUIKeywordMain.stepFailed(WebUIKeywordMain.groovy:64)
	at com.kms.katalon.core.webui.keyword.internal.WebUIKeywordMain.runKeyword(WebUIKeywordMain.groovy:26)
	at com.kms.katalon.core.webui.keyword.builtin.SetTextKeyword.setText(SetTextKeyword.groovy:66)
	at com.kms.katalon.core.webui.keyword.builtin.SetTextKeyword.execute(SetTextKeyword.groovy:37)
	at com.kms.katalon.core.keyword.internal.KeywordExecutor.executeKeywordForPlatform(KeywordExecutor.groovy:74)
	at com.kms.katalon.core.webui.keyword.WebUiBuiltInKeywords.setText(WebUiBuiltInKeywords.groovy:980)
	at com.kms.katalon.core.webui.keyword.WebUiBuiltInKeywords$setText$4.call(Unknown Source)
	at Verify the Login of Site-N2.run(Verify the Login of Site-N2:28)
	at com.kms.katalon.core.main.ScriptEngine.run(ScriptEngine.java:194)
	at com.kms.katalon.core.main.ScriptEngine.runScriptAsRawText(ScriptEngine.java:119)
	at com.kms.katalon.core.main.TestCaseExecutor.runScript(TestCaseExecutor.java:448)
	at com.kms.katalon.core.main.TestCaseExecutor.doExecute(TestCaseExecutor.java:439)
	at com.kms.katalon.core.main.TestCaseExecutor.processExecutionPhase(TestCaseExecutor.java:418)
	at com.kms.katalon.core.main.TestCaseExecutor.accessMainPhase(TestCaseExecutor.java:410)
	at com.kms.katalon.core.main.TestCaseExecutor.execute(TestCaseExecutor.java:285)
	at com.kms.katalon.core.main.TestCaseExecutor.execute(TestCaseExecutor.java:369)
	at com.kms.katalon.core.main.TestCaseExecutor.execute(TestCaseExecutor.java:369)
	at com.kms.katalon.core.main.TestCaseExecutor.execute(TestCaseExecutor.java:369)
	at com.kms.katalon.core.common.CommonExecutor.accessTestCaseMainPhase(CommonExecutor.java:65)
	at com.kms.katalon.core.main.TestSuiteExecutor.accessTestSuiteMainPhase(TestSuiteExecutor.java:148)
	at com.kms.katalon.core.main.TestSuiteExecutor.execute(TestSuiteExecutor.java:106)
	at com.kms.katalon.core.main.TestCaseMain.startTestSuite(TestCaseMain.java:187)
	at com.kms.katalon.core.main.TestCaseMain$startTestSuite$0.call(Unknown Source)
	at TempTestSuite1692630679438.run(TempTestSuite1692630679438.groovy:36)
Caused by: java.lang.IllegalArgumentException: Text is null
	at com.kms.katalon.core.webui.keyword.builtin.SetTextKeyword$_setText_closure1.doCall(SetTextKeyword.groovy:48)
	at com.kms.katalon.core.webui.keyword.builtin.SetTextKeyword$_setText_closure1.call(SetTextKeyword.groovy)
	at com.kms.katalon.core.webui.keyword.internal.WebUIKeywordMain.runKeyword(WebUIKeywordMain.groovy:20)
	... 22 more


2023-08-21 18:12:56 - [TEST_STEP][PASSED] - openBrowser(""): Browser is opened with url: ''

2023-08-21 18:12:56 - [MESSAGE][WARNING] - A browser is already opened. Closing browser and opening a new one

2023-08-21 18:12:57 - [MESSAGE][INFO] - Starting 'Edge Chromium' driver

2023-08-21 18:12:58 - [MESSAGE][INFO] - Action delay is set to 0 milliseconds

2023-08-21 18:12:59 - [MESSAGE][PASSED] - Browser is opened with url: ''

2023-08-21 18:12:59 - [TEST_STEP][PASSED] - navigateToUrl(urlLoginPage): Navigate to 'https://opensource-demo.orangehrmlive.com/web/index.php/auth/login' successfully

2023-08-21 18:13:03 - [MESSAGE][PASSED] - Navigate to 'https://opensource-demo.orangehrmlive.com/web/index.php/auth/login' successfully

2023-08-21 18:13:03 - [TEST_STEP][PASSED] - verifyElementPresent(findTestObject("Page_OrangeHRM/inp_Username"), 5): Object 'Object Repository/Page_OrangeHRM/inp_Username' is present

2023-08-21 18:13:04 - [MESSAGE][PASSED] - Object 'Object Repository/Page_OrangeHRM/inp_Username' is present

2023-08-21 18:13:04 - [TEST_STEP][PASSED] - verifyElementVisible(findTestObject("Page_OrangeHRM/inp_Username")): Object 'Object Repository/Page_OrangeHRM/inp_Username' is visible

2023-08-21 18:13:04 - [MESSAGE][PASSED] - Object 'Object Repository/Page_OrangeHRM/inp_Username' is visible

2023-08-21 18:13:04 - [TEST_STEP][PASSED] - verifyElementPresent(findTestObject("Page_OrangeHRM/inp_Password"), 5): Object 'Object Repository/Page_OrangeHRM/inp_Password' is present

2023-08-21 18:13:04 - [MESSAGE][PASSED] - Object 'Object Repository/Page_OrangeHRM/inp_Password' is present

2023-08-21 18:13:04 - [TEST_STEP][PASSED] - verifyElementVisible(findTestObject("Page_OrangeHRM/inp_Password")): Object 'Object Repository/Page_OrangeHRM/inp_Password' is visible

2023-08-21 18:13:05 - [MESSAGE][PASSED] - Object 'Object Repository/Page_OrangeHRM/inp_Password' is visible

2023-08-21 18:13:05 - [TEST_STEP][PASSED] - verifyElementPresent(findTestObject("Page_OrangeHRM/btn_Login"), 5): Object 'Object Repository/Page_OrangeHRM/btn_Login' is present

2023-08-21 18:13:05 - [MESSAGE][PASSED] - Object 'Object Repository/Page_OrangeHRM/btn_Login' is present

2023-08-21 18:13:05 - [TEST_STEP][PASSED] - verifyElementVisible(findTestObject("Page_OrangeHRM/btn_Login")): Object 'Object Repository/Page_OrangeHRM/btn_Login' is visible

2023-08-21 18:13:05 - [MESSAGE][PASSED] - Object 'Object Repository/Page_OrangeHRM/btn_Login' is visible

2023-08-21 18:13:05 - [TEST_STEP][PASSED] - verifyElementClickable(findTestObject("Page_OrangeHRM/btn_Login")): Object 'Object Repository/Page_OrangeHRM/btn_Login' is clickable

2023-08-21 18:13:06 - [MESSAGE][PASSED] - Object 'Object Repository/Page_OrangeHRM/btn_Login' is clickable

2023-08-21 18:13:06 - [TEST_STEP][FAILED] - setText(findTestObject("Object Repository/Page_OrangeHRM/inp_Username"), username_invalid): Unable to set text 'null' of object 'Object Repository/Page_OrangeHRM/inp_Username' (Root cause: com.kms.katalon.core.exception.StepFailedException: Unable to set text 'null' of object 'Object Repository/Page_OrangeHRM/inp_Username'
	at com.kms.katalon.core.webui.keyword.internal.WebUIKeywordMain.stepFailed(WebUIKeywordMain.groovy:64)
	at com.kms.katalon.core.webui.keyword.internal.WebUIKeywordMain.runKeyword(WebUIKeywordMain.groovy:26)
	at com.kms.katalon.core.webui.keyword.builtin.SetTextKeyword.setText(SetTextKeyword.groovy:66)
	at com.kms.katalon.core.webui.keyword.builtin.SetTextKeyword.execute(SetTextKeyword.groovy:37)
	at com.kms.katalon.core.keyword.internal.KeywordExecutor.executeKeywordForPlatform(KeywordExecutor.groovy:74)
	at com.kms.katalon.core.webui.keyword.WebUiBuiltInKeywords.setText(WebUiBuiltInKeywords.groovy:980)
	at com.kms.katalon.core.webui.keyword.WebUiBuiltInKeywords$setText$4.call(Unknown Source)
	at Verify the Login of Site-N2.run(Verify the Login of Site-N2:28)
	at com.kms.katalon.core.main.ScriptEngine.run(ScriptEngine.java:194)
	at com.kms.katalon.core.main.ScriptEngine.runScriptAsRawText(ScriptEngine.java:119)
	at com.kms.katalon.core.main.TestCaseExecutor.runScript(TestCaseExecutor.java:448)
	at com.kms.katalon.core.main.TestCaseExecutor.doExecute(TestCaseExecutor.java:439)
	at com.kms.katalon.core.main.TestCaseExecutor.processExecutionPhase(TestCaseExecutor.java:418)
	at com.kms.katalon.core.main.TestCaseExecutor.accessMainPhase(TestCaseExecutor.java:410)
	at com.kms.katalon.core.main.TestCaseExecutor.execute(TestCaseExecutor.java:285)
	at com.kms.katalon.core.main.TestCaseExecutor.execute(TestCaseExecutor.java:369)
	at com.kms.katalon.core.main.TestCaseExecutor.execute(TestCaseExecutor.java:369)
	at com.kms.katalon.core.main.TestCaseExecutor.execute(TestCaseExecutor.java:369)
	at com.kms.katalon.core.common.CommonExecutor.accessTestCaseMainPhase(CommonExecutor.java:65)
	at com.kms.katalon.core.main.TestSuiteExecutor.accessTestSuiteMainPhase(TestSuiteExecutor.java:148)
	at com.kms.katalon.core.main.TestSuiteExecutor.execute(TestSuiteExecutor.java:106)
	at com.kms.katalon.core.main.TestCaseMain.startTestSuite(TestCaseMain.java:187)
	at com.kms.katalon.core.main.TestCaseMain$startTestSuite$0.call(Unknown Source)
	at TempTestSuite1692630679438.run(TempTestSuite1692630679438.groovy:36)
Caused by: java.lang.IllegalArgumentException: Text is null
	at com.kms.katalon.core.webui.keyword.builtin.SetTextKeyword$_setText_closure1.doCall(SetTextKeyword.groovy:48)
	at com.kms.katalon.core.webui.keyword.builtin.SetTextKeyword$_setText_closure1.call(SetTextKeyword.groovy)
	at com.kms.katalon.core.webui.keyword.internal.WebUIKeywordMain.runKeyword(WebUIKeywordMain.groovy:20)
	at com.kms.katalon.core.webui.keyword.builtin.SetTextKeyword.setText(SetTextKeyword.groovy:66)
	at com.kms.katalon.core.webui.keyword.builtin.SetTextKeyword.execute(SetTextKeyword.groovy:37)
	at com.kms.katalon.core.keyword.internal.KeywordExecutor.executeKeywordForPlatform(KeywordExecutor.groovy:74)
	at com.kms.katalon.core.webui.keyword.WebUiBuiltInKeywords.setText(WebUiBuiltInKeywords.groovy:980)
	at com.kms.katalon.core.webui.keyword.WebUiBuiltInKeywords$setText$4.call(Unknown Source)
	at Script1692629757842.run(Script1692629757842.groovy:28)
	... 16 more
)

2023-08-21 18:13:06 - [MESSAGE][FAILED] - Unable to set text 'null' of object 'Object Repository/Page_OrangeHRM/inp_Username' (Root cause: com.kms.katalon.core.exception.StepFailedException: Unable to set text 'null' of object 'Object Repository/Page_OrangeHRM/inp_Username'
	at com.kms.katalon.core.webui.keyword.internal.WebUIKeywordMain.stepFailed(WebUIKeywordMain.groovy:64)
	at com.kms.katalon.core.webui.keyword.internal.WebUIKeywordMain.runKeyword(WebUIKeywordMain.groovy:26)
	at com.kms.katalon.core.webui.keyword.builtin.SetTextKeyword.setText(SetTextKeyword.groovy:66)
	at com.kms.katalon.core.webui.keyword.builtin.SetTextKeyword.execute(SetTextKeyword.groovy:37)
	at com.kms.katalon.core.keyword.internal.KeywordExecutor.executeKeywordForPlatform(KeywordExecutor.groovy:74)
	at com.kms.katalon.core.webui.keyword.WebUiBuiltInKeywords.setText(WebUiBuiltInKeywords.groovy:980)
	at com.kms.katalon.core.webui.keyword.WebUiBuiltInKeywords$setText$4.call(Unknown Source)
	at Verify the Login of Site-N2.run(Verify the Login of Site-N2:28)
	at com.kms.katalon.core.main.ScriptEngine.run(ScriptEngine.java:194)
	at com.kms.katalon.core.main.ScriptEngine.runScriptAsRawText(ScriptEngine.java:119)
	at com.kms.katalon.core.main.TestCaseExecutor.runScript(TestCaseExecutor.java:448)
	at com.kms.katalon.core.main.TestCaseExecutor.doExecute(TestCaseExecutor.java:439)
	at com.kms.katalon.core.main.TestCaseExecutor.processExecutionPhase(TestCaseExecutor.java:418)
	at com.kms.katalon.core.main.TestCaseExecutor.accessMainPhase(TestCaseExecutor.java:410)
	at com.kms.katalon.core.main.TestCaseExecutor.execute(TestCaseExecutor.java:285)
	at com.kms.katalon.core.main.TestCaseExecutor.execute(TestCaseExecutor.java:369)
	at com.kms.katalon.core.main.TestCaseExecutor.execute(TestCaseExecutor.java:369)
	at com.kms.katalon.core.main.TestCaseExecutor.execute(TestCaseExecutor.java:369)
	at com.kms.katalon.core.common.CommonExecutor.accessTestCaseMainPhase(CommonExecutor.java:65)
	at com.kms.katalon.core.main.TestSuiteExecutor.accessTestSuiteMainPhase(TestSuiteExecutor.java:148)
	at com.kms.katalon.core.main.TestSuiteExecutor.execute(TestSuiteExecutor.java:106)
	at com.kms.katalon.core.main.TestCaseMain.startTestSuite(TestCaseMain.java:187)
	at com.kms.katalon.core.main.TestCaseMain$startTestSuite$0.call(Unknown Source)
	at TempTestSuite1692630679438.run(TempTestSuite1692630679438.groovy:36)
Caused by: java.lang.IllegalArgumentException: Text is null
	at com.kms.katalon.core.webui.keyword.builtin.SetTextKeyword$_setText_closure1.doCall(SetTextKeyword.groovy:48)
	at com.kms.katalon.core.webui.keyword.builtin.SetTextKeyword$_setText_closure1.call(SetTextKeyword.groovy)
	at com.kms.katalon.core.webui.keyword.internal.WebUIKeywordMain.runKeyword(WebUIKeywordMain.groovy:20)
	at com.kms.katalon.core.webui.keyword.builtin.SetTextKeyword.setText(SetTextKeyword.groovy:66)
	at com.kms.katalon.core.webui.keyword.builtin.SetTextKeyword.execute(SetTextKeyword.groovy:37)
	at com.kms.katalon.core.keyword.internal.KeywordExecutor.executeKeywordForPlatform(KeywordExecutor.groovy:74)
	at com.kms.katalon.core.webui.keyword.WebUiBuiltInKeywords.setText(WebUiBuiltInKeywords.groovy:980)
	at com.kms.katalon.core.webui.keyword.WebUiBuiltInKeywords$setText$4.call(Unknown Source)
	at Script1692629757842.run(Script1692629757842.groovy:28)
	... 16 more
)
[[ATTACHMENT|C:\\Users\\ekarayel\\git\\KatalonRep1\\Reports\\20230821_181116\\Verify the Login of Site\\20230821_181119\\1692630786384.png]]]]></system-out>
         <system-err><![CDATA[2023-08-21 18:12:56 - [TEST_CASE][FAILED] - Test Cases/Verify the Login of Site-N2: Test Cases/Verify the Login of Site-N2 FAILED.
Reason:
com.kms.katalon.core.exception.StepFailedException: Unable to set text 'null' of object 'Object Repository/Page_OrangeHRM/inp_Username'
	at com.kms.katalon.core.webui.keyword.internal.WebUIKeywordMain.stepFailed(WebUIKeywordMain.groovy:64)
	at com.kms.katalon.core.webui.keyword.internal.WebUIKeywordMain.runKeyword(WebUIKeywordMain.groovy:26)
	at com.kms.katalon.core.webui.keyword.builtin.SetTextKeyword.setText(SetTextKeyword.groovy:66)
	at com.kms.katalon.core.webui.keyword.builtin.SetTextKeyword.execute(SetTextKeyword.groovy:37)
	at com.kms.katalon.core.keyword.internal.KeywordExecutor.executeKeywordForPlatform(KeywordExecutor.groovy:74)
	at com.kms.katalon.core.webui.keyword.WebUiBuiltInKeywords.setText(WebUiBuiltInKeywords.groovy:980)
	at com.kms.katalon.core.webui.keyword.WebUiBuiltInKeywords$setText$4.call(Unknown Source)
	at Verify the Login of Site-N2.run(Verify the Login of Site-N2:28)
	at com.kms.katalon.core.main.ScriptEngine.run(ScriptEngine.java:194)
	at com.kms.katalon.core.main.ScriptEngine.runScriptAsRawText(ScriptEngine.java:119)
	at com.kms.katalon.core.main.TestCaseExecutor.runScript(TestCaseExecutor.java:448)
	at com.kms.katalon.core.main.TestCaseExecutor.doExecute(TestCaseExecutor.java:439)
	at com.kms.katalon.core.main.TestCaseExecutor.processExecutionPhase(TestCaseExecutor.java:418)
	at com.kms.katalon.core.main.TestCaseExecutor.accessMainPhase(TestCaseExecutor.java:410)
	at com.kms.katalon.core.main.TestCaseExecutor.execute(TestCaseExecutor.java:285)
	at com.kms.katalon.core.main.TestCaseExecutor.execute(TestCaseExecutor.java:369)
	at com.kms.katalon.core.main.TestCaseExecutor.execute(TestCaseExecutor.java:369)
	at com.kms.katalon.core.main.TestCaseExecutor.execute(TestCaseExecutor.java:369)
	at com.kms.katalon.core.common.CommonExecutor.accessTestCaseMainPhase(CommonExecutor.java:65)
	at com.kms.katalon.core.main.TestSuiteExecutor.accessTestSuiteMainPhase(TestSuiteExecutor.java:148)
	at com.kms.katalon.core.main.TestSuiteExecutor.execute(TestSuiteExecutor.java:106)
	at com.kms.katalon.core.main.TestCaseMain.startTestSuite(TestCaseMain.java:187)
	at com.kms.katalon.core.main.TestCaseMain$startTestSuite$0.call(Unknown Source)
	at TempTestSuite1692630679438.run(TempTestSuite1692630679438.groovy:36)
Caused by: java.lang.IllegalArgumentException: Text is null
	at com.kms.katalon.core.webui.keyword.builtin.SetTextKeyword$_setText_closure1.doCall(SetTextKeyword.groovy:48)
	at com.kms.katalon.core.webui.keyword.builtin.SetTextKeyword$_setText_closure1.call(SetTextKeyword.groovy)
	at com.kms.katalon.core.webui.keyword.internal.WebUIKeywordMain.runKeyword(WebUIKeywordMain.groovy:20)
	... 22 more]]></system-err>
      </testcase>
      <testcase name="Test Cases/Verify the Login of Site-N3" time="9.718" classname="Test Cases/Verify the Login of Site-N3" status="FAILED">
         <failure type="FAILED" message="Test Cases/Verify the Login of Site-N3 FAILED.
Reason:
com.kms.katalon.core.exception.StepFailedException: Unable to set text 'null' of object 'Object Repository/Page_OrangeHRM/inp_Username'
	at com.kms.katalon.core.webui.keyword.internal.WebUIKeywordMain.stepFailed(WebUIKeywordMain.groovy:64)
	at com.kms.katalon.core.webui.keyword.internal.WebUIKeywordMain.runKeyword(WebUIKeywordMain.groovy:26)
	at com.kms.katalon.core.webui.keyword.builtin.SetTextKeyword.setText(SetTextKeyword.groovy:66)
	at com.kms.katalon.core.webui.keyword.builtin.SetTextKeyword.execute(SetTextKeyword.groovy:37)
	at com.kms.katalon.core.keyword.internal.KeywordExecutor.executeKeywordForPlatform(KeywordExecutor.groovy:74)
	at com.kms.katalon.core.webui.keyword.WebUiBuiltInKeywords.setText(WebUiBuiltInKeywords.groovy:980)
	at com.kms.katalon.core.webui.keyword.WebUiBuiltInKeywords$setText$4.call(Unknown Source)
	at Verify the Login of Site-N3.run(Verify the Login of Site-N3:27)
	at com.kms.katalon.core.main.ScriptEngine.run(ScriptEngine.java:194)
	at com.kms.katalon.core.main.ScriptEngine.runScriptAsRawText(ScriptEngine.java:119)
	at com.kms.katalon.core.main.TestCaseExecutor.runScript(TestCaseExecutor.java:448)
	at com.kms.katalon.core.main.TestCaseExecutor.doExecute(TestCaseExecutor.java:439)
	at com.kms.katalon.core.main.TestCaseExecutor.processExecutionPhase(TestCaseExecutor.java:418)
	at com.kms.katalon.core.main.TestCaseExecutor.accessMainPhase(TestCaseExecutor.java:410)
	at com.kms.katalon.core.main.TestCaseExecutor.execute(TestCaseExecutor.java:285)
	at com.kms.katalon.core.main.TestCaseExecutor.execute(TestCaseExecutor.java:369)
	at com.kms.katalon.core.main.TestCaseExecutor.execute(TestCaseExecutor.java:369)
	at com.kms.katalon.core.main.TestCaseExecutor.execute(TestCaseExecutor.java:369)
	at com.kms.katalon.core.common.CommonExecutor.accessTestCaseMainPhase(CommonExecutor.java:65)
	at com.kms.katalon.core.main.TestSuiteExecutor.accessTestSuiteMainPhase(TestSuiteExecutor.java:148)
	at com.kms.katalon.core.main.TestSuiteExecutor.execute(TestSuiteExecutor.java:106)
	at com.kms.katalon.core.main.TestCaseMain.startTestSuite(TestCaseMain.java:187)
	at com.kms.katalon.core.main.TestCaseMain$startTestSuite$0.call(Unknown Source)
	at TempTestSuite1692630679438.run(TempTestSuite1692630679438.groovy:36)
Caused by: java.lang.IllegalArgumentException: Text is null
	at com.kms.katalon.core.webui.keyword.builtin.SetTextKeyword$_setText_closure1.doCall(SetTextKeyword.groovy:48)
	at com.kms.katalon.core.webui.keyword.builtin.SetTextKeyword$_setText_closure1.call(SetTextKeyword.groovy)
	at com.kms.katalon.core.webui.keyword.internal.WebUIKeywordMain.runKeyword(WebUIKeywordMain.groovy:20)
	... 22 more
"/>
         <system-out><![CDATA[2023-08-21 18:13:40 - [TEST_CASE][FAILED] - Test Cases/Verify the Login of Site-N3: Test Cases/Verify the Login of Site-N3 FAILED.
Reason:
com.kms.katalon.core.exception.StepFailedException: Unable to set text 'null' of object 'Object Repository/Page_OrangeHRM/inp_Username'
	at com.kms.katalon.core.webui.keyword.internal.WebUIKeywordMain.stepFailed(WebUIKeywordMain.groovy:64)
	at com.kms.katalon.core.webui.keyword.internal.WebUIKeywordMain.runKeyword(WebUIKeywordMain.groovy:26)
	at com.kms.katalon.core.webui.keyword.builtin.SetTextKeyword.setText(SetTextKeyword.groovy:66)
	at com.kms.katalon.core.webui.keyword.builtin.SetTextKeyword.execute(SetTextKeyword.groovy:37)
	at com.kms.katalon.core.keyword.internal.KeywordExecutor.executeKeywordForPlatform(KeywordExecutor.groovy:74)
	at com.kms.katalon.core.webui.keyword.WebUiBuiltInKeywords.setText(WebUiBuiltInKeywords.groovy:980)
	at com.kms.katalon.core.webui.keyword.WebUiBuiltInKeywords$setText$4.call(Unknown Source)
	at Verify the Login of Site-N3.run(Verify the Login of Site-N3:27)
	at com.kms.katalon.core.main.ScriptEngine.run(ScriptEngine.java:194)
	at com.kms.katalon.core.main.ScriptEngine.runScriptAsRawText(ScriptEngine.java:119)
	at com.kms.katalon.core.main.TestCaseExecutor.runScript(TestCaseExecutor.java:448)
	at com.kms.katalon.core.main.TestCaseExecutor.doExecute(TestCaseExecutor.java:439)
	at com.kms.katalon.core.main.TestCaseExecutor.processExecutionPhase(TestCaseExecutor.java:418)
	at com.kms.katalon.core.main.TestCaseExecutor.accessMainPhase(TestCaseExecutor.java:410)
	at com.kms.katalon.core.main.TestCaseExecutor.execute(TestCaseExecutor.java:285)
	at com.kms.katalon.core.main.TestCaseExecutor.execute(TestCaseExecutor.java:369)
	at com.kms.katalon.core.main.TestCaseExecutor.execute(TestCaseExecutor.java:369)
	at com.kms.katalon.core.main.TestCaseExecutor.execute(TestCaseExecutor.java:369)
	at com.kms.katalon.core.common.CommonExecutor.accessTestCaseMainPhase(CommonExecutor.java:65)
	at com.kms.katalon.core.main.TestSuiteExecutor.accessTestSuiteMainPhase(TestSuiteExecutor.java:148)
	at com.kms.katalon.core.main.TestSuiteExecutor.execute(TestSuiteExecutor.java:106)
	at com.kms.katalon.core.main.TestCaseMain.startTestSuite(TestCaseMain.java:187)
	at com.kms.katalon.core.main.TestCaseMain$startTestSuite$0.call(Unknown Source)
	at TempTestSuite1692630679438.run(TempTestSuite1692630679438.groovy:36)
Caused by: java.lang.IllegalArgumentException: Text is null
	at com.kms.katalon.core.webui.keyword.builtin.SetTextKeyword$_setText_closure1.doCall(SetTextKeyword.groovy:48)
	at com.kms.katalon.core.webui.keyword.builtin.SetTextKeyword$_setText_closure1.call(SetTextKeyword.groovy)
	at com.kms.katalon.core.webui.keyword.internal.WebUIKeywordMain.runKeyword(WebUIKeywordMain.groovy:20)
	... 22 more


2023-08-21 18:13:40 - [TEST_STEP][PASSED] - openBrowser(""): Browser is opened with url: ''

2023-08-21 18:13:40 - [MESSAGE][WARNING] - A browser is already opened. Closing browser and opening a new one

2023-08-21 18:13:41 - [MESSAGE][INFO] - Starting 'Edge Chromium' driver

2023-08-21 18:13:41 - [MESSAGE][INFO] - Action delay is set to 0 milliseconds

2023-08-21 18:13:43 - [MESSAGE][PASSED] - Browser is opened with url: ''

2023-08-21 18:13:43 - [TEST_STEP][PASSED] - navigateToUrl(urlLoginPage): Navigate to 'https://opensource-demo.orangehrmlive.com/web/index.php/auth/login' successfully

2023-08-21 18:13:46 - [MESSAGE][PASSED] - Navigate to 'https://opensource-demo.orangehrmlive.com/web/index.php/auth/login' successfully

2023-08-21 18:13:46 - [TEST_STEP][PASSED] - verifyElementPresent(findTestObject("Page_OrangeHRM/inp_Username"), 5): Object 'Object Repository/Page_OrangeHRM/inp_Username' is present

2023-08-21 18:13:47 - [MESSAGE][PASSED] - Object 'Object Repository/Page_OrangeHRM/inp_Username' is present

2023-08-21 18:13:47 - [TEST_STEP][PASSED] - verifyElementVisible(findTestObject("Page_OrangeHRM/inp_Username")): Object 'Object Repository/Page_OrangeHRM/inp_Username' is visible

2023-08-21 18:13:48 - [MESSAGE][PASSED] - Object 'Object Repository/Page_OrangeHRM/inp_Username' is visible

2023-08-21 18:13:48 - [TEST_STEP][PASSED] - verifyElementPresent(findTestObject("Page_OrangeHRM/inp_Password"), 5): Object 'Object Repository/Page_OrangeHRM/inp_Password' is present

2023-08-21 18:13:48 - [MESSAGE][PASSED] - Object 'Object Repository/Page_OrangeHRM/inp_Password' is present

2023-08-21 18:13:48 - [TEST_STEP][PASSED] - verifyElementVisible(findTestObject("Page_OrangeHRM/inp_Password")): Object 'Object Repository/Page_OrangeHRM/inp_Password' is visible

2023-08-21 18:13:48 - [MESSAGE][PASSED] - Object 'Object Repository/Page_OrangeHRM/inp_Password' is visible

2023-08-21 18:13:48 - [TEST_STEP][PASSED] - verifyElementPresent(findTestObject("Page_OrangeHRM/btn_Login"), 5): Object 'Object Repository/Page_OrangeHRM/btn_Login' is present

2023-08-21 18:13:49 - [MESSAGE][PASSED] - Object 'Object Repository/Page_OrangeHRM/btn_Login' is present

2023-08-21 18:13:49 - [TEST_STEP][PASSED] - verifyElementVisible(findTestObject("Page_OrangeHRM/btn_Login")): Object 'Object Repository/Page_OrangeHRM/btn_Login' is visible

2023-08-21 18:13:49 - [MESSAGE][PASSED] - Object 'Object Repository/Page_OrangeHRM/btn_Login' is visible

2023-08-21 18:13:49 - [TEST_STEP][PASSED] - verifyElementClickable(findTestObject("Page_OrangeHRM/btn_Login")): Object 'Object Repository/Page_OrangeHRM/btn_Login' is clickable

2023-08-21 18:13:49 - [MESSAGE][PASSED] - Object 'Object Repository/Page_OrangeHRM/btn_Login' is clickable

2023-08-21 18:13:49 - [TEST_STEP][FAILED] - setText(findTestObject("Object Repository/Page_OrangeHRM/inp_Username"), username_invalid): Unable to set text 'null' of object 'Object Repository/Page_OrangeHRM/inp_Username' (Root cause: com.kms.katalon.core.exception.StepFailedException: Unable to set text 'null' of object 'Object Repository/Page_OrangeHRM/inp_Username'
	at com.kms.katalon.core.webui.keyword.internal.WebUIKeywordMain.stepFailed(WebUIKeywordMain.groovy:64)
	at com.kms.katalon.core.webui.keyword.internal.WebUIKeywordMain.runKeyword(WebUIKeywordMain.groovy:26)
	at com.kms.katalon.core.webui.keyword.builtin.SetTextKeyword.setText(SetTextKeyword.groovy:66)
	at com.kms.katalon.core.webui.keyword.builtin.SetTextKeyword.execute(SetTextKeyword.groovy:37)
	at com.kms.katalon.core.keyword.internal.KeywordExecutor.executeKeywordForPlatform(KeywordExecutor.groovy:74)
	at com.kms.katalon.core.webui.keyword.WebUiBuiltInKeywords.setText(WebUiBuiltInKeywords.groovy:980)
	at com.kms.katalon.core.webui.keyword.WebUiBuiltInKeywords$setText$4.call(Unknown Source)
	at Verify the Login of Site-N3.run(Verify the Login of Site-N3:27)
	at com.kms.katalon.core.main.ScriptEngine.run(ScriptEngine.java:194)
	at com.kms.katalon.core.main.ScriptEngine.runScriptAsRawText(ScriptEngine.java:119)
	at com.kms.katalon.core.main.TestCaseExecutor.runScript(TestCaseExecutor.java:448)
	at com.kms.katalon.core.main.TestCaseExecutor.doExecute(TestCaseExecutor.java:439)
	at com.kms.katalon.core.main.TestCaseExecutor.processExecutionPhase(TestCaseExecutor.java:418)
	at com.kms.katalon.core.main.TestCaseExecutor.accessMainPhase(TestCaseExecutor.java:410)
	at com.kms.katalon.core.main.TestCaseExecutor.execute(TestCaseExecutor.java:285)
	at com.kms.katalon.core.main.TestCaseExecutor.execute(TestCaseExecutor.java:369)
	at com.kms.katalon.core.main.TestCaseExecutor.execute(TestCaseExecutor.java:369)
	at com.kms.katalon.core.main.TestCaseExecutor.execute(TestCaseExecutor.java:369)
	at com.kms.katalon.core.common.CommonExecutor.accessTestCaseMainPhase(CommonExecutor.java:65)
	at com.kms.katalon.core.main.TestSuiteExecutor.accessTestSuiteMainPhase(TestSuiteExecutor.java:148)
	at com.kms.katalon.core.main.TestSuiteExecutor.execute(TestSuiteExecutor.java:106)
	at com.kms.katalon.core.main.TestCaseMain.startTestSuite(TestCaseMain.java:187)
	at com.kms.katalon.core.main.TestCaseMain$startTestSuite$0.call(Unknown Source)
	at TempTestSuite1692630679438.run(TempTestSuite1692630679438.groovy:36)
Caused by: java.lang.IllegalArgumentException: Text is null
	at com.kms.katalon.core.webui.keyword.builtin.SetTextKeyword$_setText_closure1.doCall(SetTextKeyword.groovy:48)
	at com.kms.katalon.core.webui.keyword.builtin.SetTextKeyword$_setText_closure1.call(SetTextKeyword.groovy)
	at com.kms.katalon.core.webui.keyword.internal.WebUIKeywordMain.runKeyword(WebUIKeywordMain.groovy:20)
	at com.kms.katalon.core.webui.keyword.builtin.SetTextKeyword.setText(SetTextKeyword.groovy:66)
	at com.kms.katalon.core.webui.keyword.builtin.SetTextKeyword.execute(SetTextKeyword.groovy:37)
	at com.kms.katalon.core.keyword.internal.KeywordExecutor.executeKeywordForPlatform(KeywordExecutor.groovy:74)
	at com.kms.katalon.core.webui.keyword.WebUiBuiltInKeywords.setText(WebUiBuiltInKeywords.groovy:980)
	at com.kms.katalon.core.webui.keyword.WebUiBuiltInKeywords$setText$4.call(Unknown Source)
	at Script1692629763836.run(Script1692629763836.groovy:27)
	... 16 more
)

2023-08-21 18:13:50 - [MESSAGE][FAILED] - Unable to set text 'null' of object 'Object Repository/Page_OrangeHRM/inp_Username' (Root cause: com.kms.katalon.core.exception.StepFailedException: Unable to set text 'null' of object 'Object Repository/Page_OrangeHRM/inp_Username'
	at com.kms.katalon.core.webui.keyword.internal.WebUIKeywordMain.stepFailed(WebUIKeywordMain.groovy:64)
	at com.kms.katalon.core.webui.keyword.internal.WebUIKeywordMain.runKeyword(WebUIKeywordMain.groovy:26)
	at com.kms.katalon.core.webui.keyword.builtin.SetTextKeyword.setText(SetTextKeyword.groovy:66)
	at com.kms.katalon.core.webui.keyword.builtin.SetTextKeyword.execute(SetTextKeyword.groovy:37)
	at com.kms.katalon.core.keyword.internal.KeywordExecutor.executeKeywordForPlatform(KeywordExecutor.groovy:74)
	at com.kms.katalon.core.webui.keyword.WebUiBuiltInKeywords.setText(WebUiBuiltInKeywords.groovy:980)
	at com.kms.katalon.core.webui.keyword.WebUiBuiltInKeywords$setText$4.call(Unknown Source)
	at Verify the Login of Site-N3.run(Verify the Login of Site-N3:27)
	at com.kms.katalon.core.main.ScriptEngine.run(ScriptEngine.java:194)
	at com.kms.katalon.core.main.ScriptEngine.runScriptAsRawText(ScriptEngine.java:119)
	at com.kms.katalon.core.main.TestCaseExecutor.runScript(TestCaseExecutor.java:448)
	at com.kms.katalon.core.main.TestCaseExecutor.doExecute(TestCaseExecutor.java:439)
	at com.kms.katalon.core.main.TestCaseExecutor.processExecutionPhase(TestCaseExecutor.java:418)
	at com.kms.katalon.core.main.TestCaseExecutor.accessMainPhase(TestCaseExecutor.java:410)
	at com.kms.katalon.core.main.TestCaseExecutor.execute(TestCaseExecutor.java:285)
	at com.kms.katalon.core.main.TestCaseExecutor.execute(TestCaseExecutor.java:369)
	at com.kms.katalon.core.main.TestCaseExecutor.execute(TestCaseExecutor.java:369)
	at com.kms.katalon.core.main.TestCaseExecutor.execute(TestCaseExecutor.java:369)
	at com.kms.katalon.core.common.CommonExecutor.accessTestCaseMainPhase(CommonExecutor.java:65)
	at com.kms.katalon.core.main.TestSuiteExecutor.accessTestSuiteMainPhase(TestSuiteExecutor.java:148)
	at com.kms.katalon.core.main.TestSuiteExecutor.execute(TestSuiteExecutor.java:106)
	at com.kms.katalon.core.main.TestCaseMain.startTestSuite(TestCaseMain.java:187)
	at com.kms.katalon.core.main.TestCaseMain$startTestSuite$0.call(Unknown Source)
	at TempTestSuite1692630679438.run(TempTestSuite1692630679438.groovy:36)
Caused by: java.lang.IllegalArgumentException: Text is null
	at com.kms.katalon.core.webui.keyword.builtin.SetTextKeyword$_setText_closure1.doCall(SetTextKeyword.groovy:48)
	at com.kms.katalon.core.webui.keyword.builtin.SetTextKeyword$_setText_closure1.call(SetTextKeyword.groovy)
	at com.kms.katalon.core.webui.keyword.internal.WebUIKeywordMain.runKeyword(WebUIKeywordMain.groovy:20)
	at com.kms.katalon.core.webui.keyword.builtin.SetTextKeyword.setText(SetTextKeyword.groovy:66)
	at com.kms.katalon.core.webui.keyword.builtin.SetTextKeyword.execute(SetTextKeyword.groovy:37)
	at com.kms.katalon.core.keyword.internal.KeywordExecutor.executeKeywordForPlatform(KeywordExecutor.groovy:74)
	at com.kms.katalon.core.webui.keyword.WebUiBuiltInKeywords.setText(WebUiBuiltInKeywords.groovy:980)
	at com.kms.katalon.core.webui.keyword.WebUiBuiltInKeywords$setText$4.call(Unknown Source)
	at Script1692629763836.run(Script1692629763836.groovy:27)
	... 16 more
)
[[ATTACHMENT|C:\\Users\\ekarayel\\git\\KatalonRep1\\Reports\\20230821_181116\\Verify the Login of Site\\20230821_181119\\1692630829940.png]]]]></system-out>
         <system-err><![CDATA[2023-08-21 18:13:40 - [TEST_CASE][FAILED] - Test Cases/Verify the Login of Site-N3: Test Cases/Verify the Login of Site-N3 FAILED.
Reason:
com.kms.katalon.core.exception.StepFailedException: Unable to set text 'null' of object 'Object Repository/Page_OrangeHRM/inp_Username'
	at com.kms.katalon.core.webui.keyword.internal.WebUIKeywordMain.stepFailed(WebUIKeywordMain.groovy:64)
	at com.kms.katalon.core.webui.keyword.internal.WebUIKeywordMain.runKeyword(WebUIKeywordMain.groovy:26)
	at com.kms.katalon.core.webui.keyword.builtin.SetTextKeyword.setText(SetTextKeyword.groovy:66)
	at com.kms.katalon.core.webui.keyword.builtin.SetTextKeyword.execute(SetTextKeyword.groovy:37)
	at com.kms.katalon.core.keyword.internal.KeywordExecutor.executeKeywordForPlatform(KeywordExecutor.groovy:74)
	at com.kms.katalon.core.webui.keyword.WebUiBuiltInKeywords.setText(WebUiBuiltInKeywords.groovy:980)
	at com.kms.katalon.core.webui.keyword.WebUiBuiltInKeywords$setText$4.call(Unknown Source)
	at Verify the Login of Site-N3.run(Verify the Login of Site-N3:27)
	at com.kms.katalon.core.main.ScriptEngine.run(ScriptEngine.java:194)
	at com.kms.katalon.core.main.ScriptEngine.runScriptAsRawText(ScriptEngine.java:119)
	at com.kms.katalon.core.main.TestCaseExecutor.runScript(TestCaseExecutor.java:448)
	at com.kms.katalon.core.main.TestCaseExecutor.doExecute(TestCaseExecutor.java:439)
	at com.kms.katalon.core.main.TestCaseExecutor.processExecutionPhase(TestCaseExecutor.java:418)
	at com.kms.katalon.core.main.TestCaseExecutor.accessMainPhase(TestCaseExecutor.java:410)
	at com.kms.katalon.core.main.TestCaseExecutor.execute(TestCaseExecutor.java:285)
	at com.kms.katalon.core.main.TestCaseExecutor.execute(TestCaseExecutor.java:369)
	at com.kms.katalon.core.main.TestCaseExecutor.execute(TestCaseExecutor.java:369)
	at com.kms.katalon.core.main.TestCaseExecutor.execute(TestCaseExecutor.java:369)
	at com.kms.katalon.core.common.CommonExecutor.accessTestCaseMainPhase(CommonExecutor.java:65)
	at com.kms.katalon.core.main.TestSuiteExecutor.accessTestSuiteMainPhase(TestSuiteExecutor.java:148)
	at com.kms.katalon.core.main.TestSuiteExecutor.execute(TestSuiteExecutor.java:106)
	at com.kms.katalon.core.main.TestCaseMain.startTestSuite(TestCaseMain.java:187)
	at com.kms.katalon.core.main.TestCaseMain$startTestSuite$0.call(Unknown Source)
	at TempTestSuite1692630679438.run(TempTestSuite1692630679438.groovy:36)
Caused by: java.lang.IllegalArgumentException: Text is null
	at com.kms.katalon.core.webui.keyword.builtin.SetTextKeyword$_setText_closure1.doCall(SetTextKeyword.groovy:48)
	at com.kms.katalon.core.webui.keyword.builtin.SetTextKeyword$_setText_closure1.call(SetTextKeyword.groovy)
	at com.kms.katalon.core.webui.keyword.internal.WebUIKeywordMain.runKeyword(WebUIKeywordMain.groovy:20)
	... 22 more]]></system-err>
      </testcase>
      <testcase name="Test Cases/Verify the Login of Site-P" time="10.829" classname="Test Cases/Verify the Login of Site-P" status="FAILED">
         <failure type="FAILED" message="Test Cases/Verify the Login of Site-P FAILED.
Reason:
com.kms.katalon.core.exception.StepFailedException: Unable to set text 'null' of object 'Object Repository/Page_OrangeHRM/inp_Username'
	at com.kms.katalon.core.webui.keyword.internal.WebUIKeywordMain.stepFailed(WebUIKeywordMain.groovy:64)
	at com.kms.katalon.core.webui.keyword.internal.WebUIKeywordMain.runKeyword(WebUIKeywordMain.groovy:26)
	at com.kms.katalon.core.webui.keyword.builtin.SetTextKeyword.setText(SetTextKeyword.groovy:66)
	at com.kms.katalon.core.webui.keyword.builtin.SetTextKeyword.execute(SetTextKeyword.groovy:37)
	at com.kms.katalon.core.keyword.internal.KeywordExecutor.executeKeywordForPlatform(KeywordExecutor.groovy:74)
	at com.kms.katalon.core.webui.keyword.WebUiBuiltInKeywords.setText(WebUiBuiltInKeywords.groovy:980)
	at com.kms.katalon.core.webui.keyword.WebUiBuiltInKeywords$setText$4.call(Unknown Source)
	at Verify the Login of Site-P.run(Verify the Login of Site-P:28)
	at com.kms.katalon.core.main.ScriptEngine.run(ScriptEngine.java:194)
	at com.kms.katalon.core.main.ScriptEngine.runScriptAsRawText(ScriptEngine.java:119)
	at com.kms.katalon.core.main.TestCaseExecutor.runScript(TestCaseExecutor.java:448)
	at com.kms.katalon.core.main.TestCaseExecutor.doExecute(TestCaseExecutor.java:439)
	at com.kms.katalon.core.main.TestCaseExecutor.processExecutionPhase(TestCaseExecutor.java:418)
	at com.kms.katalon.core.main.TestCaseExecutor.accessMainPhase(TestCaseExecutor.java:410)
	at com.kms.katalon.core.main.TestCaseExecutor.execute(TestCaseExecutor.java:285)
	at com.kms.katalon.core.main.TestCaseExecutor.execute(TestCaseExecutor.java:369)
	at com.kms.katalon.core.main.TestCaseExecutor.execute(TestCaseExecutor.java:369)
	at com.kms.katalon.core.main.TestCaseExecutor.execute(TestCaseExecutor.java:369)
	at com.kms.katalon.core.common.CommonExecutor.accessTestCaseMainPhase(CommonExecutor.java:65)
	at com.kms.katalon.core.main.TestSuiteExecutor.accessTestSuiteMainPhase(TestSuiteExecutor.java:148)
	at com.kms.katalon.core.main.TestSuiteExecutor.execute(TestSuiteExecutor.java:106)
	at com.kms.katalon.core.main.TestCaseMain.startTestSuite(TestCaseMain.java:187)
	at com.kms.katalon.core.main.TestCaseMain$startTestSuite$0.call(Unknown Source)
	at TempTestSuite1692630679438.run(TempTestSuite1692630679438.groovy:36)
Caused by: java.lang.IllegalArgumentException: Text is null
	at com.kms.katalon.core.webui.keyword.builtin.SetTextKeyword$_setText_closure1.doCall(SetTextKeyword.groovy:48)
	at com.kms.katalon.core.webui.keyword.builtin.SetTextKeyword$_setText_closure1.call(SetTextKeyword.groovy)
	at com.kms.katalon.core.webui.keyword.internal.WebUIKeywordMain.runKeyword(WebUIKeywordMain.groovy:20)
	... 22 more
"/>
         <system-out><![CDATA[2023-08-21 18:14:19 - [TEST_CASE][FAILED] - Test Cases/Verify the Login of Site-P: Test Cases/Verify the Login of Site-P FAILED.
Reason:
com.kms.katalon.core.exception.StepFailedException: Unable to set text 'null' of object 'Object Repository/Page_OrangeHRM/inp_Username'
	at com.kms.katalon.core.webui.keyword.internal.WebUIKeywordMain.stepFailed(WebUIKeywordMain.groovy:64)
	at com.kms.katalon.core.webui.keyword.internal.WebUIKeywordMain.runKeyword(WebUIKeywordMain.groovy:26)
	at com.kms.katalon.core.webui.keyword.builtin.SetTextKeyword.setText(SetTextKeyword.groovy:66)
	at com.kms.katalon.core.webui.keyword.builtin.SetTextKeyword.execute(SetTextKeyword.groovy:37)
	at com.kms.katalon.core.keyword.internal.KeywordExecutor.executeKeywordForPlatform(KeywordExecutor.groovy:74)
	at com.kms.katalon.core.webui.keyword.WebUiBuiltInKeywords.setText(WebUiBuiltInKeywords.groovy:980)
	at com.kms.katalon.core.webui.keyword.WebUiBuiltInKeywords$setText$4.call(Unknown Source)
	at Verify the Login of Site-P.run(Verify the Login of Site-P:28)
	at com.kms.katalon.core.main.ScriptEngine.run(ScriptEngine.java:194)
	at com.kms.katalon.core.main.ScriptEngine.runScriptAsRawText(ScriptEngine.java:119)
	at com.kms.katalon.core.main.TestCaseExecutor.runScript(TestCaseExecutor.java:448)
	at com.kms.katalon.core.main.TestCaseExecutor.doExecute(TestCaseExecutor.java:439)
	at com.kms.katalon.core.main.TestCaseExecutor.processExecutionPhase(TestCaseExecutor.java:418)
	at com.kms.katalon.core.main.TestCaseExecutor.accessMainPhase(TestCaseExecutor.java:410)
	at com.kms.katalon.core.main.TestCaseExecutor.execute(TestCaseExecutor.java:285)
	at com.kms.katalon.core.main.TestCaseExecutor.execute(TestCaseExecutor.java:369)
	at com.kms.katalon.core.main.TestCaseExecutor.execute(TestCaseExecutor.java:369)
	at com.kms.katalon.core.main.TestCaseExecutor.execute(TestCaseExecutor.java:369)
	at com.kms.katalon.core.common.CommonExecutor.accessTestCaseMainPhase(CommonExecutor.java:65)
	at com.kms.katalon.core.main.TestSuiteExecutor.accessTestSuiteMainPhase(TestSuiteExecutor.java:148)
	at com.kms.katalon.core.main.TestSuiteExecutor.execute(TestSuiteExecutor.java:106)
	at com.kms.katalon.core.main.TestCaseMain.startTestSuite(TestCaseMain.java:187)
	at com.kms.katalon.core.main.TestCaseMain$startTestSuite$0.call(Unknown Source)
	at TempTestSuite1692630679438.run(TempTestSuite1692630679438.groovy:36)
Caused by: java.lang.IllegalArgumentException: Text is null
	at com.kms.katalon.core.webui.keyword.builtin.SetTextKeyword$_setText_closure1.doCall(SetTextKeyword.groovy:48)
	at com.kms.katalon.core.webui.keyword.builtin.SetTextKeyword$_setText_closure1.call(SetTextKeyword.groovy)
	at com.kms.katalon.core.webui.keyword.internal.WebUIKeywordMain.runKeyword(WebUIKeywordMain.groovy:20)
	... 22 more


2023-08-21 18:14:19 - [TEST_STEP][PASSED] - openBrowser(""): Browser is opened with url: ''

2023-08-21 18:14:19 - [MESSAGE][WARNING] - A browser is already opened. Closing browser and opening a new one

2023-08-21 18:14:20 - [MESSAGE][INFO] - Starting 'Edge Chromium' driver

2023-08-21 18:14:20 - [MESSAGE][INFO] - Action delay is set to 0 milliseconds

2023-08-21 18:14:21 - [MESSAGE][PASSED] - Browser is opened with url: ''

2023-08-21 18:14:21 - [TEST_STEP][PASSED] - navigateToUrl(urlLoginPage): Navigate to 'https://opensource-demo.orangehrmlive.com/web/index.php/auth/login' successfully

2023-08-21 18:14:26 - [MESSAGE][PASSED] - Navigate to 'https://opensource-demo.orangehrmlive.com/web/index.php/auth/login' successfully

2023-08-21 18:14:26 - [TEST_STEP][PASSED] - verifyElementPresent(findTestObject("Page_OrangeHRM/inp_Username"), 5): Object 'Object Repository/Page_OrangeHRM/inp_Username' is present

2023-08-21 18:14:27 - [MESSAGE][PASSED] - Object 'Object Repository/Page_OrangeHRM/inp_Username' is present

2023-08-21 18:14:27 - [TEST_STEP][PASSED] - verifyElementVisible(findTestObject("Page_OrangeHRM/inp_Username")): Object 'Object Repository/Page_OrangeHRM/inp_Username' is visible

2023-08-21 18:14:28 - [MESSAGE][PASSED] - Object 'Object Repository/Page_OrangeHRM/inp_Username' is visible

2023-08-21 18:14:28 - [TEST_STEP][PASSED] - verifyElementPresent(findTestObject("Page_OrangeHRM/inp_Password"), 5): Object 'Object Repository/Page_OrangeHRM/inp_Password' is present

2023-08-21 18:14:28 - [MESSAGE][PASSED] - Object 'Object Repository/Page_OrangeHRM/inp_Password' is present

2023-08-21 18:14:28 - [TEST_STEP][PASSED] - verifyElementVisible(findTestObject("Page_OrangeHRM/inp_Password")): Object 'Object Repository/Page_OrangeHRM/inp_Password' is visible

2023-08-21 18:14:28 - [MESSAGE][PASSED] - Object 'Object Repository/Page_OrangeHRM/inp_Password' is visible

2023-08-21 18:14:28 - [TEST_STEP][PASSED] - verifyElementPresent(findTestObject("Page_OrangeHRM/btn_Login"), 5): Object 'Object Repository/Page_OrangeHRM/btn_Login' is present

2023-08-21 18:14:29 - [MESSAGE][PASSED] - Object 'Object Repository/Page_OrangeHRM/btn_Login' is present

2023-08-21 18:14:29 - [TEST_STEP][PASSED] - verifyElementVisible(findTestObject("Page_OrangeHRM/btn_Login")): Object 'Object Repository/Page_OrangeHRM/btn_Login' is visible

2023-08-21 18:14:29 - [MESSAGE][PASSED] - Object 'Object Repository/Page_OrangeHRM/btn_Login' is visible

2023-08-21 18:14:29 - [TEST_STEP][PASSED] - verifyElementClickable(findTestObject("Page_OrangeHRM/btn_Login")): Object 'Object Repository/Page_OrangeHRM/btn_Login' is clickable

2023-08-21 18:14:29 - [MESSAGE][PASSED] - Object 'Object Repository/Page_OrangeHRM/btn_Login' is clickable

2023-08-21 18:14:29 - [TEST_STEP][FAILED] - setText(findTestObject("Object Repository/Page_OrangeHRM/inp_Username"), username_valid): Unable to set text 'null' of object 'Object Repository/Page_OrangeHRM/inp_Username' (Root cause: com.kms.katalon.core.exception.StepFailedException: Unable to set text 'null' of object 'Object Repository/Page_OrangeHRM/inp_Username'
	at com.kms.katalon.core.webui.keyword.internal.WebUIKeywordMain.stepFailed(WebUIKeywordMain.groovy:64)
	at com.kms.katalon.core.webui.keyword.internal.WebUIKeywordMain.runKeyword(WebUIKeywordMain.groovy:26)
	at com.kms.katalon.core.webui.keyword.builtin.SetTextKeyword.setText(SetTextKeyword.groovy:66)
	at com.kms.katalon.core.webui.keyword.builtin.SetTextKeyword.execute(SetTextKeyword.groovy:37)
	at com.kms.katalon.core.keyword.internal.KeywordExecutor.executeKeywordForPlatform(KeywordExecutor.groovy:74)
	at com.kms.katalon.core.webui.keyword.WebUiBuiltInKeywords.setText(WebUiBuiltInKeywords.groovy:980)
	at com.kms.katalon.core.webui.keyword.WebUiBuiltInKeywords$setText$4.call(Unknown Source)
	at Verify the Login of Site-P.run(Verify the Login of Site-P:28)
	at com.kms.katalon.core.main.ScriptEngine.run(ScriptEngine.java:194)
	at com.kms.katalon.core.main.ScriptEngine.runScriptAsRawText(ScriptEngine.java:119)
	at com.kms.katalon.core.main.TestCaseExecutor.runScript(TestCaseExecutor.java:448)
	at com.kms.katalon.core.main.TestCaseExecutor.doExecute(TestCaseExecutor.java:439)
	at com.kms.katalon.core.main.TestCaseExecutor.processExecutionPhase(TestCaseExecutor.java:418)
	at com.kms.katalon.core.main.TestCaseExecutor.accessMainPhase(TestCaseExecutor.java:410)
	at com.kms.katalon.core.main.TestCaseExecutor.execute(TestCaseExecutor.java:285)
	at com.kms.katalon.core.main.TestCaseExecutor.execute(TestCaseExecutor.java:369)
	at com.kms.katalon.core.main.TestCaseExecutor.execute(TestCaseExecutor.java:369)
	at com.kms.katalon.core.main.TestCaseExecutor.execute(TestCaseExecutor.java:369)
	at com.kms.katalon.core.common.CommonExecutor.accessTestCaseMainPhase(CommonExecutor.java:65)
	at com.kms.katalon.core.main.TestSuiteExecutor.accessTestSuiteMainPhase(TestSuiteExecutor.java:148)
	at com.kms.katalon.core.main.TestSuiteExecutor.execute(TestSuiteExecutor.java:106)
	at com.kms.katalon.core.main.TestCaseMain.startTestSuite(TestCaseMain.java:187)
	at com.kms.katalon.core.main.TestCaseMain$startTestSuite$0.call(Unknown Source)
	at TempTestSuite1692630679438.run(TempTestSuite1692630679438.groovy:36)
Caused by: java.lang.IllegalArgumentException: Text is null
	at com.kms.katalon.core.webui.keyword.builtin.SetTextKeyword$_setText_closure1.doCall(SetTextKeyword.groovy:48)
	at com.kms.katalon.core.webui.keyword.builtin.SetTextKeyword$_setText_closure1.call(SetTextKeyword.groovy)
	at com.kms.katalon.core.webui.keyword.internal.WebUIKeywordMain.runKeyword(WebUIKeywordMain.groovy:20)
	at com.kms.katalon.core.webui.keyword.builtin.SetTextKeyword.setText(SetTextKeyword.groovy:66)
	at com.kms.katalon.core.webui.keyword.builtin.SetTextKeyword.execute(SetTextKeyword.groovy:37)
	at com.kms.katalon.core.keyword.internal.KeywordExecutor.executeKeywordForPlatform(KeywordExecutor.groovy:74)
	at com.kms.katalon.core.webui.keyword.WebUiBuiltInKeywords.setText(WebUiBuiltInKeywords.groovy:980)
	at com.kms.katalon.core.webui.keyword.WebUiBuiltInKeywords$setText$4.call(Unknown Source)
	at Script1692629780239.run(Script1692629780239.groovy:28)
	... 16 more
)

2023-08-21 18:14:29 - [MESSAGE][FAILED] - Unable to set text 'null' of object 'Object Repository/Page_OrangeHRM/inp_Username' (Root cause: com.kms.katalon.core.exception.StepFailedException: Unable to set text 'null' of object 'Object Repository/Page_OrangeHRM/inp_Username'
	at com.kms.katalon.core.webui.keyword.internal.WebUIKeywordMain.stepFailed(WebUIKeywordMain.groovy:64)
	at com.kms.katalon.core.webui.keyword.internal.WebUIKeywordMain.runKeyword(WebUIKeywordMain.groovy:26)
	at com.kms.katalon.core.webui.keyword.builtin.SetTextKeyword.setText(SetTextKeyword.groovy:66)
	at com.kms.katalon.core.webui.keyword.builtin.SetTextKeyword.execute(SetTextKeyword.groovy:37)
	at com.kms.katalon.core.keyword.internal.KeywordExecutor.executeKeywordForPlatform(KeywordExecutor.groovy:74)
	at com.kms.katalon.core.webui.keyword.WebUiBuiltInKeywords.setText(WebUiBuiltInKeywords.groovy:980)
	at com.kms.katalon.core.webui.keyword.WebUiBuiltInKeywords$setText$4.call(Unknown Source)
	at Verify the Login of Site-P.run(Verify the Login of Site-P:28)
	at com.kms.katalon.core.main.ScriptEngine.run(ScriptEngine.java:194)
	at com.kms.katalon.core.main.ScriptEngine.runScriptAsRawText(ScriptEngine.java:119)
	at com.kms.katalon.core.main.TestCaseExecutor.runScript(TestCaseExecutor.java:448)
	at com.kms.katalon.core.main.TestCaseExecutor.doExecute(TestCaseExecutor.java:439)
	at com.kms.katalon.core.main.TestCaseExecutor.processExecutionPhase(TestCaseExecutor.java:418)
	at com.kms.katalon.core.main.TestCaseExecutor.accessMainPhase(TestCaseExecutor.java:410)
	at com.kms.katalon.core.main.TestCaseExecutor.execute(TestCaseExecutor.java:285)
	at com.kms.katalon.core.main.TestCaseExecutor.execute(TestCaseExecutor.java:369)
	at com.kms.katalon.core.main.TestCaseExecutor.execute(TestCaseExecutor.java:369)
	at com.kms.katalon.core.main.TestCaseExecutor.execute(TestCaseExecutor.java:369)
	at com.kms.katalon.core.common.CommonExecutor.accessTestCaseMainPhase(CommonExecutor.java:65)
	at com.kms.katalon.core.main.TestSuiteExecutor.accessTestSuiteMainPhase(TestSuiteExecutor.java:148)
	at com.kms.katalon.core.main.TestSuiteExecutor.execute(TestSuiteExecutor.java:106)
	at com.kms.katalon.core.main.TestCaseMain.startTestSuite(TestCaseMain.java:187)
	at com.kms.katalon.core.main.TestCaseMain$startTestSuite$0.call(Unknown Source)
	at TempTestSuite1692630679438.run(TempTestSuite1692630679438.groovy:36)
Caused by: java.lang.IllegalArgumentException: Text is null
	at com.kms.katalon.core.webui.keyword.builtin.SetTextKeyword$_setText_closure1.doCall(SetTextKeyword.groovy:48)
	at com.kms.katalon.core.webui.keyword.builtin.SetTextKeyword$_setText_closure1.call(SetTextKeyword.groovy)
	at com.kms.katalon.core.webui.keyword.internal.WebUIKeywordMain.runKeyword(WebUIKeywordMain.groovy:20)
	at com.kms.katalon.core.webui.keyword.builtin.SetTextKeyword.setText(SetTextKeyword.groovy:66)
	at com.kms.katalon.core.webui.keyword.builtin.SetTextKeyword.execute(SetTextKeyword.groovy:37)
	at com.kms.katalon.core.keyword.internal.KeywordExecutor.executeKeywordForPlatform(KeywordExecutor.groovy:74)
	at com.kms.katalon.core.webui.keyword.WebUiBuiltInKeywords.setText(WebUiBuiltInKeywords.groovy:980)
	at com.kms.katalon.core.webui.keyword.WebUiBuiltInKeywords$setText$4.call(Unknown Source)
	at Script1692629780239.run(Script1692629780239.groovy:28)
	... 16 more
)
[[ATTACHMENT|C:\\Users\\ekarayel\\git\\KatalonRep1\\Reports\\20230821_181116\\Verify the Login of Site\\20230821_181119\\1692630869859.png]]]]></system-out>
         <system-err><![CDATA[2023-08-21 18:14:19 - [TEST_CASE][FAILED] - Test Cases/Verify the Login of Site-P: Test Cases/Verify the Login of Site-P FAILED.
Reason:
com.kms.katalon.core.exception.StepFailedException: Unable to set text 'null' of object 'Object Repository/Page_OrangeHRM/inp_Username'
	at com.kms.katalon.core.webui.keyword.internal.WebUIKeywordMain.stepFailed(WebUIKeywordMain.groovy:64)
	at com.kms.katalon.core.webui.keyword.internal.WebUIKeywordMain.runKeyword(WebUIKeywordMain.groovy:26)
	at com.kms.katalon.core.webui.keyword.builtin.SetTextKeyword.setText(SetTextKeyword.groovy:66)
	at com.kms.katalon.core.webui.keyword.builtin.SetTextKeyword.execute(SetTextKeyword.groovy:37)
	at com.kms.katalon.core.keyword.internal.KeywordExecutor.executeKeywordForPlatform(KeywordExecutor.groovy:74)
	at com.kms.katalon.core.webui.keyword.WebUiBuiltInKeywords.setText(WebUiBuiltInKeywords.groovy:980)
	at com.kms.katalon.core.webui.keyword.WebUiBuiltInKeywords$setText$4.call(Unknown Source)
	at Verify the Login of Site-P.run(Verify the Login of Site-P:28)
	at com.kms.katalon.core.main.ScriptEngine.run(ScriptEngine.java:194)
	at com.kms.katalon.core.main.ScriptEngine.runScriptAsRawText(ScriptEngine.java:119)
	at com.kms.katalon.core.main.TestCaseExecutor.runScript(TestCaseExecutor.java:448)
	at com.kms.katalon.core.main.TestCaseExecutor.doExecute(TestCaseExecutor.java:439)
	at com.kms.katalon.core.main.TestCaseExecutor.processExecutionPhase(TestCaseExecutor.java:418)
	at com.kms.katalon.core.main.TestCaseExecutor.accessMainPhase(TestCaseExecutor.java:410)
	at com.kms.katalon.core.main.TestCaseExecutor.execute(TestCaseExecutor.java:285)
	at com.kms.katalon.core.main.TestCaseExecutor.execute(TestCaseExecutor.java:369)
	at com.kms.katalon.core.main.TestCaseExecutor.execute(TestCaseExecutor.java:369)
	at com.kms.katalon.core.main.TestCaseExecutor.execute(TestCaseExecutor.java:369)
	at com.kms.katalon.core.common.CommonExecutor.accessTestCaseMainPhase(CommonExecutor.java:65)
	at com.kms.katalon.core.main.TestSuiteExecutor.accessTestSuiteMainPhase(TestSuiteExecutor.java:148)
	at com.kms.katalon.core.main.TestSuiteExecutor.execute(TestSuiteExecutor.java:106)
	at com.kms.katalon.core.main.TestCaseMain.startTestSuite(TestCaseMain.java:187)
	at com.kms.katalon.core.main.TestCaseMain$startTestSuite$0.call(Unknown Source)
	at TempTestSuite1692630679438.run(TempTestSuite1692630679438.groovy:36)
Caused by: java.lang.IllegalArgumentException: Text is null
	at com.kms.katalon.core.webui.keyword.builtin.SetTextKeyword$_setText_closure1.doCall(SetTextKeyword.groovy:48)
	at com.kms.katalon.core.webui.keyword.builtin.SetTextKeyword$_setText_closure1.call(SetTextKeyword.groovy)
	at com.kms.katalon.core.webui.keyword.internal.WebUIKeywordMain.runKeyword(WebUIKeywordMain.groovy:20)
	... 22 more]]></system-err>
      </testcase>
      <system-out><![CDATA[2023-08-21 18:11:24 - [TEST_SUITE][FAILED] - Verify the Login of Site: Test Cases/Verify the Login of Site-N1 FAILED.
Reason:
com.kms.katalon.core.exception.StepFailedException: Unable to set text 'null' of object 'Object Repository/Page_OrangeHRM/inp_Username'
	at com.kms.katalon.core.webui.keyword.internal.WebUIKeywordMain.stepFailed(WebUIKeywordMain.groovy:64)
	at com.kms.katalon.core.webui.keyword.internal.WebUIKeywordMain.runKeyword(WebUIKeywordMain.groovy:26)
	at com.kms.katalon.core.webui.keyword.builtin.SetTextKeyword.setText(SetTextKeyword.groovy:66)
	at com.kms.katalon.core.webui.keyword.builtin.SetTextKeyword.execute(SetTextKeyword.groovy:37)
	at com.kms.katalon.core.keyword.internal.KeywordExecutor.executeKeywordForPlatform(KeywordExecutor.groovy:74)
	at com.kms.katalon.core.webui.keyword.WebUiBuiltInKeywords.setText(WebUiBuiltInKeywords.groovy:980)
	at com.kms.katalon.core.webui.keyword.WebUiBuiltInKeywords$setText$4.call(Unknown Source)
	at Verify the Login of Site-N1.run(Verify the Login of Site-N1:30)
	at com.kms.katalon.core.main.ScriptEngine.run(ScriptEngine.java:194)
	at com.kms.katalon.core.main.ScriptEngine.runScriptAsRawText(ScriptEngine.java:119)
	at com.kms.katalon.core.main.TestCaseExecutor.runScript(TestCaseExecutor.java:448)
	at com.kms.katalon.core.main.TestCaseExecutor.doExecute(TestCaseExecutor.java:439)
	at com.kms.katalon.core.main.TestCaseExecutor.processExecutionPhase(TestCaseExecutor.java:418)
	at com.kms.katalon.core.main.TestCaseExecutor.accessMainPhase(TestCaseExecutor.java:410)
	at com.kms.katalon.core.main.TestCaseExecutor.execute(TestCaseExecutor.java:285)
	at com.kms.katalon.core.common.CommonExecutor.accessTestCaseMainPhase(CommonExecutor.java:65)
	at com.kms.katalon.core.main.TestSuiteExecutor.accessTestSuiteMainPhase(TestSuiteExecutor.java:148)
	at com.kms.katalon.core.main.TestSuiteExecutor.execute(TestSuiteExecutor.java:106)
	at com.kms.katalon.core.main.TestCaseMain.startTestSuite(TestCaseMain.java:187)
	at com.kms.katalon.core.main.TestCaseMain$startTestSuite$0.call(Unknown Source)
	at TempTestSuite1692630679438.run(TempTestSuite1692630679438.groovy:36)
Caused by: java.lang.IllegalArgumentException: Text is null
	at com.kms.katalon.core.webui.keyword.builtin.SetTextKeyword$_setText_closure1.doCall(SetTextKeyword.groovy:48)
	at com.kms.katalon.core.webui.keyword.builtin.SetTextKeyword$_setText_closure1.call(SetTextKeyword.groovy)
	at com.kms.katalon.core.webui.keyword.internal.WebUIKeywordMain.runKeyword(WebUIKeywordMain.groovy:20)
	... 19 more]]></system-out>
      <system-err><![CDATA[2023-08-21 18:11:24 - [TEST_SUITE][FAILED] - Verify the Login of Site: Test Cases/Verify the Login of Site-N1 FAILED.
Reason:
com.kms.katalon.core.exception.StepFailedException: Unable to set text 'null' of object 'Object Repository/Page_OrangeHRM/inp_Username'
	at com.kms.katalon.core.webui.keyword.internal.WebUIKeywordMain.stepFailed(WebUIKeywordMain.groovy:64)
	at com.kms.katalon.core.webui.keyword.internal.WebUIKeywordMain.runKeyword(WebUIKeywordMain.groovy:26)
	at com.kms.katalon.core.webui.keyword.builtin.SetTextKeyword.setText(SetTextKeyword.groovy:66)
	at com.kms.katalon.core.webui.keyword.builtin.SetTextKeyword.execute(SetTextKeyword.groovy:37)
	at com.kms.katalon.core.keyword.internal.KeywordExecutor.executeKeywordForPlatform(KeywordExecutor.groovy:74)
	at com.kms.katalon.core.webui.keyword.WebUiBuiltInKeywords.setText(WebUiBuiltInKeywords.groovy:980)
	at com.kms.katalon.core.webui.keyword.WebUiBuiltInKeywords$setText$4.call(Unknown Source)
	at Verify the Login of Site-N1.run(Verify the Login of Site-N1:30)
	at com.kms.katalon.core.main.ScriptEngine.run(ScriptEngine.java:194)
	at com.kms.katalon.core.main.ScriptEngine.runScriptAsRawText(ScriptEngine.java:119)
	at com.kms.katalon.core.main.TestCaseExecutor.runScript(TestCaseExecutor.java:448)
	at com.kms.katalon.core.main.TestCaseExecutor.doExecute(TestCaseExecutor.java:439)
	at com.kms.katalon.core.main.TestCaseExecutor.processExecutionPhase(TestCaseExecutor.java:418)
	at com.kms.katalon.core.main.TestCaseExecutor.accessMainPhase(TestCaseExecutor.java:410)
	at com.kms.katalon.core.main.TestCaseExecutor.execute(TestCaseExecutor.java:285)
	at com.kms.katalon.core.common.CommonExecutor.accessTestCaseMainPhase(CommonExecutor.java:65)
	at com.kms.katalon.core.main.TestSuiteExecutor.accessTestSuiteMainPhase(TestSuiteExecutor.java:148)
	at com.kms.katalon.core.main.TestSuiteExecutor.execute(TestSuiteExecutor.java:106)
	at com.kms.katalon.core.main.TestCaseMain.startTestSuite(TestCaseMain.java:187)
	at com.kms.katalon.core.main.TestCaseMain$startTestSuite$0.call(Unknown Source)
	at TempTestSuite1692630679438.run(TempTestSuite1692630679438.groovy:36)
Caused by: java.lang.IllegalArgumentException: Text is null
	at com.kms.katalon.core.webui.keyword.builtin.SetTextKeyword$_setText_closure1.doCall(SetTextKeyword.groovy:48)
	at com.kms.katalon.core.webui.keyword.builtin.SetTextKeyword$_setText_closure1.call(SetTextKeyword.groovy)
	at com.kms.katalon.core.webui.keyword.internal.WebUIKeywordMain.runKeyword(WebUIKeywordMain.groovy:20)
	... 19 more]]></system-err>
   </testsuite>
</testsuites>
